This is pdfTeX, Version 3.14159265-2.6-1.40.18 (TeX Live 2017/TeX Live for SUSE Linux) (preloaded format=pdflatex 2018.12.22)  28 DEC 2018 16:25
entering extended mode
 restricted \write18 enabled.
 %&-line parsing enabled.
**Template_modello.tex
(./Template_modello.tex
LaTeX2e <2017-04-15>
Babel <3.10> and hyphenation patterns for 50 language(s) loaded.
(/usr/share/texmf/tex/latex/base/report.cls
Document Class: report 2014/09/29 v1.4h Standard LaTeX document class
(/usr/share/texmf/tex/latex/base/size11.clo
File: size11.clo 2014/09/29 v1.4h Standard LaTeX file (size option)
)
\c@part=\count79
\c@chapter=\count80
\c@section=\count81
\c@subsection=\count82
\c@subsubsection=\count83
\c@paragraph=\count84
\c@subparagraph=\count85
\c@figure=\count86
\c@table=\count87
\abovecaptionskip=\skip41
\belowcaptionskip=\skip42
\bibindent=\dimen102
) (./Settings.tex
(/usr/share/texmf/tex/latex/base/fontenc.sty
Package: fontenc 2017/04/05 v2.0i Standard LaTeX package

(/usr/share/texmf/tex/latex/base/t1enc.def
File: t1enc.def 2017/04/05 v2.0i Standard LaTeX file
LaTeX Font Info:    Redeclaring font encoding T1 on input line 48.
))
(/usr/share/texmf/tex/generic/babel/babel.sty
Package: babel 2017/05/19 3.10 The Babel package

(/usr/share/texmf/tex/generic/babel-english/english.ldf
Language: english 2017/06/06 v3.3r English support from the babel system

(/usr/share/texmf/tex/generic/babel/babel.def
File: babel.def 2017/05/19 3.10 Babel common definitions
\babel@savecnt=\count88
\U@D=\dimen103
)
\l@canadian = a dialect from \language\l@american 
\l@australian = a dialect from \language\l@british 
\l@newzealand = a dialect from \language\l@british 
))
(/usr/share/texmf/tex/latex/graphics/graphicx.sty
Package: graphicx 2014/10/28 v1.0g Enhanced LaTeX Graphics (DPC,SPQR)

(/usr/share/texmf/tex/latex/graphics/keyval.sty
Package: keyval 2014/10/28 v1.15 key=value parser (DPC)
\KV@toks@=\toks14
)
(/usr/share/texmf/tex/latex/graphics/graphics.sty
Package: graphics 2017/04/14 v1.1b Standard LaTeX Graphics (DPC,SPQR)

(/usr/share/texmf/tex/latex/graphics/trig.sty
Package: trig 2016/01/03 v1.10 sin cos tan (DPC)
)
(/usr/share/texmf/tex/latex/graphics-cfg/graphics.cfg
File: graphics.cfg 2016/06/04 v1.11 sample graphics configuration
)
Package graphics Info: Driver file: pdftex.def on input line 99.

(/usr/share/texmf/tex/latex/graphics-def/pdftex.def
File: pdftex.def 2017/01/12 v0.06k Graphics/color for pdfTeX

(/usr/share/texmf/tex/generic/oberdiek/infwarerr.sty
Package: infwarerr 2016/05/16 v1.4 Providing info/warning/error messages (HO)
)
(/usr/share/texmf/tex/generic/oberdiek/ltxcmds.sty
Package: ltxcmds 2016/05/16 v1.23 LaTeX kernel commands for general use (HO)
)
\Gread@gobject=\count89
))
\Gin@req@height=\dimen104
\Gin@req@width=\dimen105
)
(/usr/share/texmf/tex/latex/euler/euler.sty
Package: euler 1995/03/05 v2.5

Package: `euler' v2.5 <1995/03/05> (FJ and FMi)
LaTeX Font Info:    Redeclaring symbol font `letters' on input line 35.
LaTeX Font Info:    Encoding `OML' has changed to `U' for symbol font
(Font)              `letters' in the math version `normal' on input line 35.
LaTeX Font Info:    Overwriting symbol font `letters' in version `normal'
(Font)                  OML/cmm/m/it --> U/eur/m/n on input line 35.
LaTeX Font Info:    Encoding `OML' has changed to `U' for symbol font
(Font)              `letters' in the math version `bold' on input line 35.
LaTeX Font Info:    Overwriting symbol font `letters' in version `bold'
(Font)                  OML/cmm/b/it --> U/eur/m/n on input line 35.
LaTeX Font Info:    Overwriting symbol font `letters' in version `bold'
(Font)                  U/eur/m/n --> U/eur/b/n on input line 36.
LaTeX Font Info:    Redeclaring math symbol \Gamma on input line 47.
LaTeX Font Info:    Redeclaring math symbol \Delta on input line 48.
LaTeX Font Info:    Redeclaring math symbol \Theta on input line 49.
LaTeX Font Info:    Redeclaring math symbol \Lambda on input line 50.
LaTeX Font Info:    Redeclaring math symbol \Xi on input line 51.
LaTeX Font Info:    Redeclaring math symbol \Pi on input line 52.
LaTeX Font Info:    Redeclaring math symbol \Sigma on input line 53.
LaTeX Font Info:    Redeclaring math symbol \Upsilon on input line 54.
LaTeX Font Info:    Redeclaring math symbol \Phi on input line 55.
LaTeX Font Info:    Redeclaring math symbol \Psi on input line 56.
LaTeX Font Info:    Redeclaring math symbol \Omega on input line 57.
\symEulerFraktur=\mathgroup4
LaTeX Font Info:    Overwriting symbol font `EulerFraktur' in version `bold'
(Font)                  U/euf/m/n --> U/euf/b/n on input line 63.
LaTeX Info: Redefining \oldstylenums on input line 85.
\symEulerScript=\mathgroup5
LaTeX Font Info:    Overwriting symbol font `EulerScript' in version `bold'
(Font)                  U/eus/m/n --> U/eus/b/n on input line 93.
LaTeX Font Info:    Redeclaring math symbol \aleph on input line 97.
LaTeX Font Info:    Redeclaring math symbol \Re on input line 98.
LaTeX Font Info:    Redeclaring math symbol \Im on input line 99.
LaTeX Font Info:    Redeclaring math delimiter \vert on input line 101.
LaTeX Font Info:    Redeclaring math delimiter \backslash on input line 103.
LaTeX Font Info:    Redeclaring math symbol \neg on input line 106.
LaTeX Font Info:    Redeclaring math symbol \wedge on input line 108.
LaTeX Font Info:    Redeclaring math symbol \vee on input line 110.
LaTeX Font Info:    Redeclaring math symbol \setminus on input line 112.
LaTeX Font Info:    Redeclaring math symbol \sim on input line 113.
LaTeX Font Info:    Redeclaring math symbol \mid on input line 114.
LaTeX Font Info:    Redeclaring math delimiter \arrowvert on input line 116.
LaTeX Font Info:    Redeclaring math symbol \mathsection on input line 117.
\symEulerExtension=\mathgroup6
LaTeX Font Info:    Redeclaring math symbol \coprod on input line 125.
LaTeX Font Info:    Redeclaring math symbol \prod on input line 125.
LaTeX Font Info:    Redeclaring math symbol \sum on input line 125.
LaTeX Font Info:    Redeclaring math symbol \intop on input line 130.
LaTeX Font Info:    Redeclaring math symbol \ointop on input line 131.
LaTeX Font Info:    Redeclaring math symbol \braceld on input line 132.
LaTeX Font Info:    Redeclaring math symbol \bracerd on input line 133.
LaTeX Font Info:    Redeclaring math symbol \bracelu on input line 134.
LaTeX Font Info:    Redeclaring math symbol \braceru on input line 135.
LaTeX Font Info:    Redeclaring math symbol \infty on input line 136.
LaTeX Font Info:    Redeclaring math symbol \nearrow on input line 153.
LaTeX Font Info:    Redeclaring math symbol \searrow on input line 154.
LaTeX Font Info:    Redeclaring math symbol \nwarrow on input line 155.
LaTeX Font Info:    Redeclaring math symbol \swarrow on input line 156.
LaTeX Font Info:    Redeclaring math symbol \Leftrightarrow on input line 157.
LaTeX Font Info:    Redeclaring math symbol \Leftarrow on input line 158.
LaTeX Font Info:    Redeclaring math symbol \Rightarrow on input line 159.
LaTeX Font Info:    Redeclaring math symbol \leftrightarrow on input line 160.
LaTeX Font Info:    Redeclaring math symbol \leftarrow on input line 161.
LaTeX Font Info:    Redeclaring math symbol \rightarrow on input line 163.
LaTeX Font Info:    Redeclaring math delimiter \uparrow on input line 166.
LaTeX Font Info:    Redeclaring math delimiter \downarrow on input line 168.
LaTeX Font Info:    Redeclaring math delimiter \updownarrow on input line 170.
LaTeX Font Info:    Redeclaring math delimiter \Uparrow on input line 172.
LaTeX Font Info:    Redeclaring math delimiter \Downarrow on input line 174.
LaTeX Font Info:    Redeclaring math delimiter \Updownarrow on input line 176.
LaTeX Font Info:    Redeclaring math symbol \leftharpoonup on input line 177.
LaTeX Font Info:    Redeclaring math symbol \leftharpoondown on input line 178.

LaTeX Font Info:    Redeclaring math symbol \rightharpoonup on input line 179.
LaTeX Font Info:    Redeclaring math symbol \rightharpoondown on input line 180
.
LaTeX Font Info:    Redeclaring math delimiter \lbrace on input line 182.
LaTeX Font Info:    Redeclaring math delimiter \rbrace on input line 184.
\symcmmigroup=\mathgroup7
LaTeX Font Info:    Overwriting symbol font `cmmigroup' in version `bold'
(Font)                  OML/cmm/m/it --> OML/cmm/b/it on input line 200.
LaTeX Font Info:    Redeclaring math accent \vec on input line 201.
LaTeX Font Info:    Redeclaring math symbol \triangleleft on input line 202.
LaTeX Font Info:    Redeclaring math symbol \triangleright on input line 203.
LaTeX Font Info:    Redeclaring math symbol \star on input line 204.
LaTeX Font Info:    Redeclaring math symbol \lhook on input line 205.
LaTeX Font Info:    Redeclaring math symbol \rhook on input line 206.
LaTeX Font Info:    Redeclaring math symbol \flat on input line 207.
LaTeX Font Info:    Redeclaring math symbol \natural on input line 208.
LaTeX Font Info:    Redeclaring math symbol \sharp on input line 209.
LaTeX Font Info:    Redeclaring math symbol \smile on input line 210.
LaTeX Font Info:    Redeclaring math symbol \frown on input line 211.
LaTeX Font Info:    Redeclaring math accent \grave on input line 245.
LaTeX Font Info:    Redeclaring math accent \acute on input line 246.
LaTeX Font Info:    Redeclaring math accent \tilde on input line 247.
LaTeX Font Info:    Redeclaring math accent \ddot on input line 248.
LaTeX Font Info:    Redeclaring math accent \check on input line 249.
LaTeX Font Info:    Redeclaring math accent \breve on input line 250.
LaTeX Font Info:    Redeclaring math accent \bar on input line 251.
LaTeX Font Info:    Redeclaring math accent \dot on input line 252.
LaTeX Font Info:    Redeclaring math accent \hat on input line 254.
) (/usr/share/texmf/tex/latex/siunitx/siunitx.sty
(/usr/share/texmf/tex/latex/l3kernel/expl3.sty
Package: expl3 2017/05/29 L3 programming layer (loader) 

(/usr/share/texmf/tex/latex/l3kernel/expl3-code.tex
Package: expl3 2017/05/29 L3 programming layer (code)
\c_max_int=\count90
\l_tmpa_int=\count91
\l_tmpb_int=\count92
\g_tmpa_int=\count93
\g_tmpb_int=\count94
\g__intarray_font_int=\count95
\g__prg_map_int=\count96
\c_log_iow=\count97
\l_iow_line_count_int=\count98
\l__iow_line_target_int=\count99
\l__iow_one_indent_int=\count100
\l__iow_indent_int=\count101
\c_zero_dim=\dimen106
\c_max_dim=\dimen107
\l_tmpa_dim=\dimen108
\l_tmpb_dim=\dimen109
\g_tmpa_dim=\dimen110
\g_tmpb_dim=\dimen111
\c_zero_skip=\skip43
\c_max_skip=\skip44
\l_tmpa_skip=\skip45
\l_tmpb_skip=\skip46
\g_tmpa_skip=\skip47
\g_tmpb_skip=\skip48
\c_zero_muskip=\muskip10
\c_max_muskip=\muskip11
\l_tmpa_muskip=\muskip12
\l_tmpb_muskip=\muskip13
\g_tmpa_muskip=\muskip14
\g_tmpb_muskip=\muskip15
\l_keys_choice_int=\count102
\c__fp_leading_shift_int=\count103
\c__fp_middle_shift_int=\count104
\c__fp_trailing_shift_int=\count105
\c__fp_big_leading_shift_int=\count106
\c__fp_big_middle_shift_int=\count107
\c__fp_big_trailing_shift_int=\count108
\c__fp_Bigg_leading_shift_int=\count109
\c__fp_Bigg_middle_shift_int=\count110
\c__fp_Bigg_trailing_shift_int=\count111
\c__fp_rand_size_int=\count112
\c__fp_rand_four_int=\count113
\c__fp_rand_eight_int=\count114
\l__sort_length_int=\count115
\l__sort_min_int=\count116
\l__sort_top_int=\count117
\l__sort_max_int=\count118
\l__sort_true_max_int=\count119
\l__sort_block_int=\count120
\l__sort_begin_int=\count121
\l__sort_end_int=\count122
\l__sort_A_int=\count123
\l__sort_B_int=\count124
\l__sort_C_int=\count125
\l__tl_build_start_index_int=\count126
\l__tl_build_index_int=\count127
\l__tl_analysis_normal_int=\count128
\l__tl_analysis_index_int=\count129
\l__tl_analysis_nesting_int=\count130
\l__tl_analysis_type_int=\count131
\l__regex_internal_a_int=\count132
\l__regex_internal_b_int=\count133
\l__regex_internal_c_int=\count134
\l__regex_balance_int=\count135
\l__regex_group_level_int=\count136
\l__regex_mode_int=\count137
\c__regex_cs_in_class_mode_int=\count138
\c__regex_cs_mode_int=\count139
\l__regex_catcodes_int=\count140
\l__regex_default_catcodes_int=\count141
\c__regex_catcode_D_int=\count142
\c__regex_catcode_S_int=\count143
\c__regex_catcode_L_int=\count144
\c__regex_catcode_O_int=\count145
\c__regex_catcode_A_int=\count146
\c__regex_all_catcodes_int=\count147
\l__regex_show_lines_int=\count148
\l__regex_min_state_int=\count149
\l__regex_max_state_int=\count150
\l__regex_left_state_int=\count151
\l__regex_right_state_int=\count152
\l__regex_capturing_group_int=\count153
\l__regex_min_pos_int=\count154
\l__regex_max_pos_int=\count155
\l__regex_current_pos_int=\count156
\l__regex_start_pos_int=\count157
\l__regex_success_pos_int=\count158
\l__regex_current_char_int=\count159
\l__regex_current_catcode_int=\count160
\l__regex_last_char_int=\count161
\l__regex_case_changed_char_int=\count162
\l__regex_current_state_int=\count163
\l__regex_step_int=\count164
\l__regex_min_active_int=\count165
\l__regex_max_active_int=\count166
\l__regex_replacement_csnames_int=\count167
\l__regex_match_count_int=\count168
\l__regex_min_submatch_int=\count169
\l__regex_submatch_int=\count170
\l__regex_zeroth_submatch_int=\count171
\c_empty_box=\box26
\l_tmpa_box=\box27
\l_tmpb_box=\box28
\g_tmpa_box=\box29
\g_tmpb_box=\box30
\l__box_top_dim=\dimen112
\l__box_bottom_dim=\dimen113
\l__box_left_dim=\dimen114
\l__box_right_dim=\dimen115
\l__box_top_new_dim=\dimen116
\l__box_bottom_new_dim=\dimen117
\l__box_left_new_dim=\dimen118
\l__box_right_new_dim=\dimen119
\l__box_internal_box=\box31
\l__coffin_internal_box=\box32
\l__coffin_internal_dim=\dimen120
\l__coffin_offset_x_dim=\dimen121
\l__coffin_offset_y_dim=\dimen122
\l__coffin_x_dim=\dimen123
\l__coffin_y_dim=\dimen124
\l__coffin_x_prime_dim=\dimen125
\l__coffin_y_prime_dim=\dimen126
\c_empty_coffin=\box33
\l__coffin_aligned_coffin=\box34
\l__coffin_aligned_internal_coffin=\box35
\l_tmpa_coffin=\box36
\l_tmpb_coffin=\box37
\l__coffin_display_coffin=\box38
\l__coffin_display_coord_coffin=\box39
\l__coffin_display_pole_coffin=\box40
\l__coffin_display_offset_dim=\dimen127
\l__coffin_display_x_dim=\dimen128
\l__coffin_display_y_dim=\dimen129
\l__coffin_bounding_shift_dim=\dimen130
\l__coffin_left_corner_dim=\dimen131
\l__coffin_right_corner_dim=\dimen132
\l__coffin_bottom_corner_dim=\dimen133
\l__coffin_top_corner_dim=\dimen134
\l__coffin_scaled_total_height_dim=\dimen135
\l__coffin_scaled_width_dim=\dimen136
)
(/usr/share/texmf/tex/latex/l3kernel/l3pdfmode.def
File: l3pdfmode.def 2017/03/18 v L3 Experimental driver: PDF mode
\l__driver_color_stack_int=\count172
\l__driver_tmp_box=\box41
))
(/usr/share/texmf/tex/latex/l3packages/xparse/xparse.sty
Package: xparse 2017/05/29 L3 Experimental document command parser
\l__xparse_current_arg_int=\count173
\g__xparse_grabber_int=\count174
\l__xparse_m_args_int=\count175
\l__xparse_mandatory_args_int=\count176
\l__xparse_v_nesting_int=\count177
)
Package: siunitx 2017/05/19 v2.7g A comprehensive (SI) units package

(/usr/share/texmf/tex/latex/amsmath/amstext.sty
Package: amstext 2000/06/29 v2.01 AMS text

(/usr/share/texmf/tex/latex/amsmath/amsgen.sty
File: amsgen.sty 1999/11/30 v2.0 generic functions
\@emptytoks=\toks15
\ex@=\dimen137
))
(/usr/share/texmf/tex/latex/tools/array.sty
Package: array 2016/10/06 v2.4d Tabular extension package (FMi)
\col@sep=\dimen138
\extrarowheight=\dimen139
\NC@list=\toks16
\extratabsurround=\skip49
\backup@length=\skip50
)
(/usr/share/texmf/tex/latex/l3packages/l3keys2e/l3keys2e.sty
Package: l3keys2e 2017/05/29 LaTeX2e option processing using LaTeX3 keys
)
\l__siunitx_tmp_box=\box42
\l__siunitx_tmp_dim=\dimen140
\l__siunitx_tmp_int=\count178
\l__siunitx_number_mantissa_length_int=\count179
\l__siunitx_number_uncert_length_int=\count180
\l__siunitx_round_int=\count181
\l__siunitx_process_decimal_int=\count182
\l__siunitx_process_uncertainty_int=\count183
\l__siunitx_process_fixed_int=\count184
\l__siunitx_process_integer_min_int=\count185
\l__siunitx_process_precision_int=\count186
\l__siunitx_group_min_int=\count187
\l__siunitx_angle_marker_box=\box43
\l__siunitx_angle_unit_box=\box44
\l__siunitx_angle_marker_dim=\dimen141
\l__siunitx_angle_unit_dim=\dimen142
\l__siunitx_unit_int=\count188
\l__siunitx_unit_denominator_int=\count189
\l__siunitx_unit_numerator_int=\count190
\l__siunitx_unit_prefix_int=\count191
\l__siunitx_unit_prefix_base_int=\count192
\l__siunitx_unit_prefix_gram_int=\count193
\l__siunitx_number_product_int=\count194
\c__siunitx_one_fill_skip=\skip51
\l__siunitx_table_unit_align_skip=\skip52
\l__siunitx_table_exponent_dim=\dimen143
\l__siunitx_table_integer_dim=\dimen144
\l__siunitx_table_mantissa_dim=\dimen145
\l__siunitx_table_marker_dim=\dimen146
\l__siunitx_table_result_dim=\dimen147
\l__siunitx_table_uncert_dim=\dimen148
\l__siunitx_table_fill_pre_dim=\dimen149
\l__siunitx_table_fill_post_dim=\dimen150
\l__siunitx_table_fill_mid_dim=\dimen151
\l__siunitx_table_pre_box=\box45
\l__siunitx_table_post_box=\box46
\l__siunitx_table_mantissa_box=\box47
\l__siunitx_table_result_box=\box48
\l__siunitx_table_number_align_skip=\skip53
\l__siunitx_table_text_align_skip=\skip54
.................................................
. LaTeX info: "xparse/define-command"
. 
. Defining command \DeclareBinaryPrefix with sig. 'mmm' on line 7251.
.................................................
.................................................
. LaTeX info: "xparse/define-command"
. 
. Defining command \DeclareSIPostPower with sig. 'mm' on line 7254.
.................................................
.................................................
. LaTeX info: "xparse/define-command"
. 
. Defining command \DeclareSIPrefix with sig. 'mmm' on line 7257.
.................................................
.................................................
. LaTeX info: "xparse/define-command"
. 
. Defining command \DeclareSIPrePower with sig. 'mm' on line 7260.
.................................................
.................................................
. LaTeX info: "xparse/define-command"
. 
. Defining command \DeclareSIQualifier with sig. 'mm' on line 7263.
.................................................
.................................................
. LaTeX info: "xparse/define-command"
. 
. Defining command \DeclareSIUnit with sig. 'O{}mm' on line 7266.
.................................................
.................................................
. LaTeX info: "xparse/define-command"
. 
. Defining command \DeclareSIUnitWithOptions with sig. 'mmm' on line 7269.
.................................................
.................................................
. LaTeX info: "xparse/define-command"
. 
. Defining command \ang with sig. 'o>{\SplitArgument {2}{;}}m' on line 7284.
.................................................
.................................................
. LaTeX info: "xparse/define-command"
. 
. Defining command \num with sig. 'om' on line 7293.
.................................................
.................................................
. LaTeX info: "xparse/define-command"
. 
. Defining command \numlist with sig. 'o>{\SplitList {;}}m' on line 7302.
.................................................
.................................................
. LaTeX info: "xparse/define-command"
. 
. Defining command \numrange with sig. 'omm' on line 7311.
.................................................
.................................................
. LaTeX info: "xparse/define-command"
. 
. Defining command \SIlist with sig. 'o>{\SplitList {;}}mm' on line 7323.
.................................................
.................................................
. LaTeX info: "xparse/define-command"
. 
. Defining command \SIrange with sig. 'ommm' on line 7335.
.................................................
.................................................
. LaTeX info: "xparse/define-command"
. 
. Defining command \SI with sig. 'omom' on line 7347.
.................................................
.................................................
. LaTeX info: "xparse/define-command"
. 
. Defining command \sisetup with sig. 'm' on line 7350.
.................................................
.................................................
. LaTeX info: "xparse/define-command"
. 
. Defining command \tablenum with sig. 'om' on line 7365.
.................................................
.................................................
. LaTeX info: "xparse/define-command"
. 
. Defining command \si with sig. 'om' on line 7377.
.................................................
.................................................
. LaTeX info: "xparse/define-command"
. 
. Defining command \numInBookmark with sig. 'om' on line 7424.
.................................................
.................................................
. LaTeX info: "xparse/define-command"
. 
. Defining command \numrangeInBookmark with sig. 'omm' on line 7426.
.................................................
.................................................
. LaTeX info: "xparse/define-command"
. 
. Defining command \SIInBookmark with sig. 'omom' on line 7428.
.................................................
.................................................
. LaTeX info: "xparse/define-command"
. 
. Defining command \SIlistInBookmark with sig. 'omm' on line 7430.
.................................................
.................................................
. LaTeX info: "xparse/define-command"
. 
. Defining command \SIrangeInBookmark with sig. 'ommm' on line 7432.
.................................................
.................................................
. LaTeX info: "xparse/define-command"
. 
. Defining command \siInBookmark with sig. 'om' on line 7433.
.................................................
\g__file_internal_ior=\read1

(/usr/share/texmf/tex/latex/beamer/translator/translator.sty
Package: translator 2010/06/12 ver 1.10

(/usr/share/texmf/tex/latex/beamer/translator/translator-language-mappings.tex)
)) (/usr/share/texmf/tex/latex/sectsty/sectsty.sty
Package: sectsty 2002/02/25 v2.0.2 Commands to change all sectional heading sty
les
)
(/usr/share/texmf/tex/latex/caption/caption.sty
Package: caption 2016/02/21 v3.3-144 Customizing captions (AR)

(/usr/share/texmf/tex/latex/caption/caption3.sty
Package: caption3 2016/05/22 v1.7-166 caption3 kernel (AR)
Package caption3 Info: TeX engine: e-TeX on input line 67.
\captionmargin=\dimen152
\captionmargin@=\dimen153
\captionwidth=\dimen154
\caption@tempdima=\dimen155
\caption@indent=\dimen156
\caption@parindent=\dimen157
\caption@hangindent=\dimen158
)
\c@ContinuedFloat=\count195
)
(/usr/share/texmf/tex/latex/tools/multicol.sty
Package: multicol 2017/04/11 v1.8q multicolumn formatting (FMi)
\c@tracingmulticols=\count196
\mult@box=\box49
\multicol@leftmargin=\dimen159
\c@unbalance=\count197
\c@collectmore=\count198
\doublecol@number=\count199
\multicoltolerance=\count266
\multicolpretolerance=\count267
\full@width=\dimen160
\page@free=\dimen161
\premulticols=\dimen162
\postmulticols=\dimen163
\multicolsep=\skip55
\multicolbaselineskip=\skip56
\partial@page=\box50
\last@line=\box51
\maxbalancingoverflow=\dimen164
\mult@rightbox=\box52
\mult@grightbox=\box53
\mult@gfirstbox=\box54
\mult@firstbox=\box55
\@tempa=\box56
\@tempa=\box57
\@tempa=\box58
\@tempa=\box59
\@tempa=\box60
\@tempa=\box61
\@tempa=\box62
\@tempa=\box63
\@tempa=\box64
\@tempa=\box65
\@tempa=\box66
\@tempa=\box67
\@tempa=\box68
\@tempa=\box69
\@tempa=\box70
\@tempa=\box71
\@tempa=\box72
\c@columnbadness=\count268
\c@finalcolumnbadness=\count269
\last@try=\dimen165
\multicolovershoot=\dimen166
\multicolundershoot=\dimen167
\mult@nat@firstbox=\box73
\colbreak@box=\box74
\mc@col@check@num=\count270
)
(/usr/share/texmf/tex/latex/prettyref/prettyref.sty
Package: prettyref 1998/07/09 v3.0
)
(/usr/share/texmf/tex/latex/geometry/geometry.sty
Package: geometry 2010/09/12 v5.6 Page Geometry

(/usr/share/texmf/tex/generic/oberdiek/ifpdf.sty
Package: ifpdf 2017/03/15 v3.2 Provides the ifpdf switch
)
(/usr/share/texmf/tex/generic/oberdiek/ifvtex.sty
Package: ifvtex 2016/05/16 v1.6 Detect VTeX and its facilities (HO)
Package ifvtex Info: VTeX not detected.
)
(/usr/share/texmf/tex/generic/ifxetex/ifxetex.sty
Package: ifxetex 2010/09/12 v0.6 Provides ifxetex conditional
)
\Gm@cnth=\count271
\Gm@cntv=\count272
\c@Gm@tempcnt=\count273
\Gm@bindingoffset=\dimen168
\Gm@wd@mp=\dimen169
\Gm@odd@mp=\dimen170
\Gm@even@mp=\dimen171
\Gm@layoutwidth=\dimen172
\Gm@layoutheight=\dimen173
\Gm@layouthoffset=\dimen174
\Gm@layoutvoffset=\dimen175
\Gm@dimlist=\toks17
)
(/usr/share/texmf/tex/latex/base/inputenc.sty
Package: inputenc 2015/03/17 v1.2c Input encoding file
\inpenc@prehook=\toks18
\inpenc@posthook=\toks19

(/usr/share/texmf/tex/latex/base/utf8.def
File: utf8.def 2017/01/28 v1.1t UTF-8 support for inputenc
Now handling font encoding OML ...
... no UTF-8 mapping file for font encoding OML
Now handling font encoding T1 ...
... processing UTF-8 mapping file for font encoding T1

(/usr/share/texmf/tex/latex/base/t1enc.dfu
File: t1enc.dfu 2017/01/28 v1.1t UTF-8 support for inputenc
   defining Unicode char U+00A0 (decimal 160)
   defining Unicode char U+00A1 (decimal 161)
   defining Unicode char U+00A3 (decimal 163)
   defining Unicode char U+00AB (decimal 171)
   defining Unicode char U+00AD (decimal 173)
   defining Unicode char U+00BB (decimal 187)
   defining Unicode char U+00BF (decimal 191)
   defining Unicode char U+00C0 (decimal 192)
   defining Unicode char U+00C1 (decimal 193)
   defining Unicode char U+00C2 (decimal 194)
   defining Unicode char U+00C3 (decimal 195)
   defining Unicode char U+00C4 (decimal 196)
   defining Unicode char U+00C5 (decimal 197)
   defining Unicode char U+00C6 (decimal 198)
   defining Unicode char U+00C7 (decimal 199)
   defining Unicode char U+00C8 (decimal 200)
   defining Unicode char U+00C9 (decimal 201)
   defining Unicode char U+00CA (decimal 202)
   defining Unicode char U+00CB (decimal 203)
   defining Unicode char U+00CC (decimal 204)
   defining Unicode char U+00CD (decimal 205)
   defining Unicode char U+00CE (decimal 206)
   defining Unicode char U+00CF (decimal 207)
   defining Unicode char U+00D0 (decimal 208)
   defining Unicode char U+00D1 (decimal 209)
   defining Unicode char U+00D2 (decimal 210)
   defining Unicode char U+00D3 (decimal 211)
   defining Unicode char U+00D4 (decimal 212)
   defining Unicode char U+00D5 (decimal 213)
   defining Unicode char U+00D6 (decimal 214)
   defining Unicode char U+00D8 (decimal 216)
   defining Unicode char U+00D9 (decimal 217)
   defining Unicode char U+00DA (decimal 218)
   defining Unicode char U+00DB (decimal 219)
   defining Unicode char U+00DC (decimal 220)
   defining Unicode char U+00DD (decimal 221)
   defining Unicode char U+00DE (decimal 222)
   defining Unicode char U+00DF (decimal 223)
   defining Unicode char U+00E0 (decimal 224)
   defining Unicode char U+00E1 (decimal 225)
   defining Unicode char U+00E2 (decimal 226)
   defining Unicode char U+00E3 (decimal 227)
   defining Unicode char U+00E4 (decimal 228)
   defining Unicode char U+00E5 (decimal 229)
   defining Unicode char U+00E6 (decimal 230)
   defining Unicode char U+00E7 (decimal 231)
   defining Unicode char U+00E8 (decimal 232)
   defining Unicode char U+00E9 (decimal 233)
   defining Unicode char U+00EA (decimal 234)
   defining Unicode char U+00EB (decimal 235)
   defining Unicode char U+00EC (decimal 236)
   defining Unicode char U+00ED (decimal 237)
   defining Unicode char U+00EE (decimal 238)
   defining Unicode char U+00EF (decimal 239)
   defining Unicode char U+00F0 (decimal 240)
   defining Unicode char U+00F1 (decimal 241)
   defining Unicode char U+00F2 (decimal 242)
   defining Unicode char U+00F3 (decimal 243)
   defining Unicode char U+00F4 (decimal 244)
   defining Unicode char U+00F5 (decimal 245)
   defining Unicode char U+00F6 (decimal 246)
   defining Unicode char U+00F8 (decimal 248)
   defining Unicode char U+00F9 (decimal 249)
   defining Unicode char U+00FA (decimal 250)
   defining Unicode char U+00FB (decimal 251)
   defining Unicode char U+00FC (decimal 252)
   defining Unicode char U+00FD (decimal 253)
   defining Unicode char U+00FE (decimal 254)
   defining Unicode char U+00FF (decimal 255)
   defining Unicode char U+0100 (decimal 256)
   defining Unicode char U+0101 (decimal 257)
   defining Unicode char U+0102 (decimal 258)
   defining Unicode char U+0103 (decimal 259)
   defining Unicode char U+0104 (decimal 260)
   defining Unicode char U+0105 (decimal 261)
   defining Unicode char U+0106 (decimal 262)
   defining Unicode char U+0107 (decimal 263)
   defining Unicode char U+0108 (decimal 264)
   defining Unicode char U+0109 (decimal 265)
   defining Unicode char U+010A (decimal 266)
   defining Unicode char U+010B (decimal 267)
   defining Unicode char U+010C (decimal 268)
   defining Unicode char U+010D (decimal 269)
   defining Unicode char U+010E (decimal 270)
   defining Unicode char U+010F (decimal 271)
   defining Unicode char U+0110 (decimal 272)
   defining Unicode char U+0111 (decimal 273)
   defining Unicode char U+0112 (decimal 274)
   defining Unicode char U+0113 (decimal 275)
   defining Unicode char U+0114 (decimal 276)
   defining Unicode char U+0115 (decimal 277)
   defining Unicode char U+0116 (decimal 278)
   defining Unicode char U+0117 (decimal 279)
   defining Unicode char U+0118 (decimal 280)
   defining Unicode char U+0119 (decimal 281)
   defining Unicode char U+011A (decimal 282)
   defining Unicode char U+011B (decimal 283)
   defining Unicode char U+011C (decimal 284)
   defining Unicode char U+011D (decimal 285)
   defining Unicode char U+011E (decimal 286)
   defining Unicode char U+011F (decimal 287)
   defining Unicode char U+0120 (decimal 288)
   defining Unicode char U+0121 (decimal 289)
   defining Unicode char U+0122 (decimal 290)
   defining Unicode char U+0123 (decimal 291)
   defining Unicode char U+0124 (decimal 292)
   defining Unicode char U+0125 (decimal 293)
   defining Unicode char U+0128 (decimal 296)
   defining Unicode char U+0129 (decimal 297)
   defining Unicode char U+012A (decimal 298)
   defining Unicode char U+012B (decimal 299)
   defining Unicode char U+012C (decimal 300)
   defining Unicode char U+012D (decimal 301)
   defining Unicode char U+012E (decimal 302)
   defining Unicode char U+012F (decimal 303)
   defining Unicode char U+0130 (decimal 304)
   defining Unicode char U+0131 (decimal 305)
   defining Unicode char U+0132 (decimal 306)
   defining Unicode char U+0133 (decimal 307)
   defining Unicode char U+0134 (decimal 308)
   defining Unicode char U+0135 (decimal 309)
   defining Unicode char U+0136 (decimal 310)
   defining Unicode char U+0137 (decimal 311)
   defining Unicode char U+0139 (decimal 313)
   defining Unicode char U+013A (decimal 314)
   defining Unicode char U+013B (decimal 315)
   defining Unicode char U+013C (decimal 316)
   defining Unicode char U+013D (decimal 317)
   defining Unicode char U+013E (decimal 318)
   defining Unicode char U+0141 (decimal 321)
   defining Unicode char U+0142 (decimal 322)
   defining Unicode char U+0143 (decimal 323)
   defining Unicode char U+0144 (decimal 324)
   defining Unicode char U+0145 (decimal 325)
   defining Unicode char U+0146 (decimal 326)
   defining Unicode char U+0147 (decimal 327)
   defining Unicode char U+0148 (decimal 328)
   defining Unicode char U+014A (decimal 330)
   defining Unicode char U+014B (decimal 331)
   defining Unicode char U+014C (decimal 332)
   defining Unicode char U+014D (decimal 333)
   defining Unicode char U+014E (decimal 334)
   defining Unicode char U+014F (decimal 335)
   defining Unicode char U+0150 (decimal 336)
   defining Unicode char U+0151 (decimal 337)
   defining Unicode char U+0152 (decimal 338)
   defining Unicode char U+0153 (decimal 339)
   defining Unicode char U+0154 (decimal 340)
   defining Unicode char U+0155 (decimal 341)
   defining Unicode char U+0156 (decimal 342)
   defining Unicode char U+0157 (decimal 343)
   defining Unicode char U+0158 (decimal 344)
   defining Unicode char U+0159 (decimal 345)
   defining Unicode char U+015A (decimal 346)
   defining Unicode char U+015B (decimal 347)
   defining Unicode char U+015C (decimal 348)
   defining Unicode char U+015D (decimal 349)
   defining Unicode char U+015E (decimal 350)
   defining Unicode char U+015F (decimal 351)
   defining Unicode char U+0160 (decimal 352)
   defining Unicode char U+0161 (decimal 353)
   defining Unicode char U+0162 (decimal 354)
   defining Unicode char U+0163 (decimal 355)
   defining Unicode char U+0164 (decimal 356)
   defining Unicode char U+0165 (decimal 357)
   defining Unicode char U+0168 (decimal 360)
   defining Unicode char U+0169 (decimal 361)
   defining Unicode char U+016A (decimal 362)
   defining Unicode char U+016B (decimal 363)
   defining Unicode char U+016C (decimal 364)
   defining Unicode char U+016D (decimal 365)
   defining Unicode char U+016E (decimal 366)
   defining Unicode char U+016F (decimal 367)
   defining Unicode char U+0170 (decimal 368)
   defining Unicode char U+0171 (decimal 369)
   defining Unicode char U+0172 (decimal 370)
   defining Unicode char U+0173 (decimal 371)
   defining Unicode char U+0174 (decimal 372)
   defining Unicode char U+0175 (decimal 373)
   defining Unicode char U+0176 (decimal 374)
   defining Unicode char U+0177 (decimal 375)
   defining Unicode char U+0178 (decimal 376)
   defining Unicode char U+0179 (decimal 377)
   defining Unicode char U+017A (decimal 378)
   defining Unicode char U+017B (decimal 379)
   defining Unicode char U+017C (decimal 380)
   defining Unicode char U+017D (decimal 381)
   defining Unicode char U+017E (decimal 382)
   defining Unicode char U+01CD (decimal 461)
   defining Unicode char U+01CE (decimal 462)
   defining Unicode char U+01CF (decimal 463)
   defining Unicode char U+01D0 (decimal 464)
   defining Unicode char U+01D1 (decimal 465)
   defining Unicode char U+01D2 (decimal 466)
   defining Unicode char U+01D3 (decimal 467)
   defining Unicode char U+01D4 (decimal 468)
   defining Unicode char U+01E2 (decimal 482)
   defining Unicode char U+01E3 (decimal 483)
   defining Unicode char U+01E6 (decimal 486)
   defining Unicode char U+01E7 (decimal 487)
   defining Unicode char U+01E8 (decimal 488)
   defining Unicode char U+01E9 (decimal 489)
   defining Unicode char U+01EA (decimal 490)
   defining Unicode char U+01EB (decimal 491)
   defining Unicode char U+01F0 (decimal 496)
   defining Unicode char U+01F4 (decimal 500)
   defining Unicode char U+01F5 (decimal 501)
   defining Unicode char U+0218 (decimal 536)
   defining Unicode char U+0219 (decimal 537)
   defining Unicode char U+021A (decimal 538)
   defining Unicode char U+021B (decimal 539)
   defining Unicode char U+0232 (decimal 562)
   defining Unicode char U+0233 (decimal 563)
   defining Unicode char U+1E02 (decimal 7682)
   defining Unicode char U+1E03 (decimal 7683)
   defining Unicode char U+200C (decimal 8204)
   defining Unicode char U+2010 (decimal 8208)
   defining Unicode char U+2011 (decimal 8209)
   defining Unicode char U+2012 (decimal 8210)
   defining Unicode char U+2013 (decimal 8211)
   defining Unicode char U+2014 (decimal 8212)
   defining Unicode char U+2015 (decimal 8213)
   defining Unicode char U+2018 (decimal 8216)
   defining Unicode char U+2019 (decimal 8217)
   defining Unicode char U+201A (decimal 8218)
   defining Unicode char U+201C (decimal 8220)
   defining Unicode char U+201D (decimal 8221)
   defining Unicode char U+201E (decimal 8222)
   defining Unicode char U+2030 (decimal 8240)
   defining Unicode char U+2031 (decimal 8241)
   defining Unicode char U+2039 (decimal 8249)
   defining Unicode char U+203A (decimal 8250)
   defining Unicode char U+2423 (decimal 9251)
   defining Unicode char U+1E20 (decimal 7712)
   defining Unicode char U+1E21 (decimal 7713)
)
Now handling font encoding OT1 ...
... processing UTF-8 mapping file for font encoding OT1

(/usr/share/texmf/tex/latex/base/ot1enc.dfu
File: ot1enc.dfu 2017/01/28 v1.1t UTF-8 support for inputenc
   defining Unicode char U+00A0 (decimal 160)
   defining Unicode char U+00A1 (decimal 161)
   defining Unicode char U+00A3 (decimal 163)
   defining Unicode char U+00AD (decimal 173)
   defining Unicode char U+00B8 (decimal 184)
   defining Unicode char U+00BF (decimal 191)
   defining Unicode char U+00C5 (decimal 197)
   defining Unicode char U+00C6 (decimal 198)
   defining Unicode char U+00D8 (decimal 216)
   defining Unicode char U+00DF (decimal 223)
   defining Unicode char U+00E6 (decimal 230)
   defining Unicode char U+00EC (decimal 236)
   defining Unicode char U+00ED (decimal 237)
   defining Unicode char U+00EE (decimal 238)
   defining Unicode char U+00EF (decimal 239)
   defining Unicode char U+00F8 (decimal 248)
   defining Unicode char U+0131 (decimal 305)
   defining Unicode char U+0141 (decimal 321)
   defining Unicode char U+0142 (decimal 322)
   defining Unicode char U+0152 (decimal 338)
   defining Unicode char U+0153 (decimal 339)
   defining Unicode char U+0174 (decimal 372)
   defining Unicode char U+0175 (decimal 373)
   defining Unicode char U+0176 (decimal 374)
   defining Unicode char U+0177 (decimal 375)
   defining Unicode char U+0218 (decimal 536)
   defining Unicode char U+0219 (decimal 537)
   defining Unicode char U+021A (decimal 538)
   defining Unicode char U+021B (decimal 539)
   defining Unicode char U+2013 (decimal 8211)
   defining Unicode char U+2014 (decimal 8212)
   defining Unicode char U+2018 (decimal 8216)
   defining Unicode char U+2019 (decimal 8217)
   defining Unicode char U+201C (decimal 8220)
   defining Unicode char U+201D (decimal 8221)
)
Now handling font encoding OMS ...
... processing UTF-8 mapping file for font encoding OMS

(/usr/share/texmf/tex/latex/base/omsenc.dfu
File: omsenc.dfu 2017/01/28 v1.1t UTF-8 support for inputenc
   defining Unicode char U+00A7 (decimal 167)
   defining Unicode char U+00B6 (decimal 182)
   defining Unicode char U+00B7 (decimal 183)
   defining Unicode char U+2020 (decimal 8224)
   defining Unicode char U+2021 (decimal 8225)
   defining Unicode char U+2022 (decimal 8226)
)
Now handling font encoding OMX ...
... no UTF-8 mapping file for font encoding OMX
Now handling font encoding U ...
... no UTF-8 mapping file for font encoding U
   defining Unicode char U+00A9 (decimal 169)
   defining Unicode char U+00AA (decimal 170)
   defining Unicode char U+00AE (decimal 174)
   defining Unicode char U+00BA (decimal 186)
   defining Unicode char U+02C6 (decimal 710)
   defining Unicode char U+02DC (decimal 732)
   defining Unicode char U+200C (decimal 8204)
   defining Unicode char U+2026 (decimal 8230)
   defining Unicode char U+2122 (decimal 8482)
   defining Unicode char U+2423 (decimal 9251)
))
(/usr/share/texmf/tex/latex/url/url.sty
\Urlmuskip=\muskip16
Package: url 2013/09/16  ver 3.4  Verb mode for urls, etc.
)
(/usr/share/texmf/tex/latex/hyperref/hyperref.sty
Package: hyperref 2017/03/14 v6.85a Hypertext links for LaTeX

(/usr/share/texmf/tex/generic/oberdiek/hobsub-hyperref.sty
Package: hobsub-hyperref 2016/05/16 v1.14 Bundle oberdiek, subset hyperref (HO)


(/usr/share/texmf/tex/generic/oberdiek/hobsub-generic.sty
Package: hobsub-generic 2016/05/16 v1.14 Bundle oberdiek, subset generic (HO)
Package: hobsub 2016/05/16 v1.14 Construct package bundles (HO)
Package hobsub Info: Skipping package `infwarerr' (already loaded).
Package hobsub Info: Skipping package `ltxcmds' (already loaded).
Package: ifluatex 2016/05/16 v1.4 Provides the ifluatex switch (HO)
Package ifluatex Info: LuaTeX not detected.
Package hobsub Info: Skipping package `ifvtex' (already loaded).
Package: intcalc 2016/05/16 v1.2 Expandable calculations with integers (HO)
Package hobsub Info: Skipping package `ifpdf' (already loaded).
Package: etexcmds 2016/05/16 v1.6 Avoid name clashes with e-TeX commands (HO)
Package etexcmds Info: Could not find \expanded.
(etexcmds)             That can mean that you are not using pdfTeX 1.50 or
(etexcmds)             that some package has redefined \expanded.
(etexcmds)             In the latter case, load this package earlier.
Package: kvsetkeys 2016/05/16 v1.17 Key value parser (HO)
Package: kvdefinekeys 2016/05/16 v1.4 Define keys (HO)
Package: pdftexcmds 2017/03/19 v0.25 Utility functions of pdfTeX for LuaTeX (HO
)
Package pdftexcmds Info: LuaTeX not detected.
Package pdftexcmds Info: \pdf@primitive is available.
Package pdftexcmds Info: \pdf@ifprimitive is available.
Package pdftexcmds Info: \pdfdraftmode found.
Package: pdfescape 2016/05/16 v1.14 Implements pdfTeX's escape features (HO)
Package: bigintcalc 2016/05/16 v1.4 Expandable calculations on big integers (HO
)
Package: bitset 2016/05/16 v1.2 Handle bit-vector datatype (HO)
Package: uniquecounter 2016/05/16 v1.3 Provide unlimited unique counter (HO)
)
Package hobsub Info: Skipping package `hobsub' (already loaded).
Package: letltxmacro 2016/05/16 v1.5 Let assignment for LaTeX macros (HO)
Package: hopatch 2016/05/16 v1.3 Wrapper for package hooks (HO)
Package: xcolor-patch 2016/05/16 xcolor patch
Package: atveryend 2016/05/16 v1.9 Hooks at the very end of document (HO)
Package atveryend Info: \enddocument detected (standard20110627).
Package: atbegshi 2016/06/09 v1.18 At begin shipout hook (HO)
Package: refcount 2016/05/16 v3.5 Data extraction from label references (HO)
Package: hycolor 2016/05/16 v1.8 Color options for hyperref/bookmark (HO)
)
(/usr/share/texmf/tex/latex/oberdiek/auxhook.sty
Package: auxhook 2016/05/16 v1.4 Hooks for auxiliary files (HO)
)
(/usr/share/texmf/tex/latex/oberdiek/kvoptions.sty
Package: kvoptions 2016/05/16 v3.12 Key value format for package options (HO)
)
\@linkdim=\dimen176
\Hy@linkcounter=\count274
\Hy@pagecounter=\count275

(/usr/share/texmf/tex/latex/hyperref/pd1enc.def
File: pd1enc.def 2017/03/14 v6.85a Hyperref: PDFDocEncoding definition (HO)
Now handling font encoding PD1 ...
... no UTF-8 mapping file for font encoding PD1
)
\Hy@SavedSpaceFactor=\count276

(/usr/share/texmf/tex/latex/latexconfig/hyperref.cfg
File: hyperref.cfg 2002/06/06 v1.2 hyperref configuration of TeXLive
)
Package hyperref Info: Option `unicode' set `true' on input line 4374.

(/usr/share/texmf/tex/latex/hyperref/puenc.def
File: puenc.def 2017/03/14 v6.85a Hyperref: PDF Unicode definition (HO)
Now handling font encoding PU ...
... no UTF-8 mapping file for font encoding PU
)
Package hyperref Info: Option `bookmarks' set `true' on input line 4374.
Package hyperref Info: Option `bookmarksnumbered' set `false' on input line 437
4.
Package hyperref Info: Option `bookmarksopen' set `false' on input line 4374.
Package hyperref Info: Option `breaklinks' set `false' on input line 4374.
Package hyperref Info: Option `colorlinks' set `false' on input line 4374.
Package hyperref Info: Hyper figures OFF on input line 4498.
Package hyperref Info: Link nesting OFF on input line 4503.
Package hyperref Info: Hyper index ON on input line 4506.
Package hyperref Info: Plain pages OFF on input line 4513.
Package hyperref Info: Backreferencing OFF on input line 4518.
Package hyperref Info: Implicit mode ON; LaTeX internals redefined.
Package hyperref Info: Bookmarks ON on input line 4751.
\c@Hy@tempcnt=\count277
LaTeX Info: Redefining \url on input line 5104.
\XeTeXLinkMargin=\dimen177
\Fld@menulength=\count278
\Field@Width=\dimen178
\Fld@charsize=\dimen179
Package hyperref Info: Hyper figures OFF on input line 6358.
Package hyperref Info: Link nesting OFF on input line 6363.
Package hyperref Info: Hyper index ON on input line 6366.
Package hyperref Info: backreferencing OFF on input line 6373.
Package hyperref Info: Link coloring OFF on input line 6378.
Package hyperref Info: Link coloring with OCG OFF on input line 6383.
Package hyperref Info: PDF/A mode OFF on input line 6388.
LaTeX Info: Redefining \ref on input line 6428.
LaTeX Info: Redefining \pageref on input line 6432.
\Hy@abspage=\count279
\c@Item=\count280
\c@Hfootnote=\count281
)

Package hyperref Message: Driver (autodetected): hpdftex.

(/usr/share/texmf/tex/latex/hyperref/hpdftex.def
File: hpdftex.def 2017/03/14 v6.85a Hyperref driver for pdfTeX
\Fld@listcount=\count282
\c@bookmark@seq@number=\count283

(/usr/share/texmf/tex/latex/oberdiek/rerunfilecheck.sty
Package: rerunfilecheck 2016/05/16 v1.8 Rerun checks for auxiliary files (HO)
Package uniquecounter Info: New unique counter `rerunfilecheck' on input line 2
82.
)
\Hy@SectionHShift=\skip57
)
(/usr/share/texmf/tex/latex/datetime/datetime.sty
Package: datetime 2015/03/20 v2.60 Date Time Package

(/usr/share/texmf/tex/latex/etoolbox/etoolbox.sty
Package: etoolbox 2017/01/02 v2.4 e-TeX tools for LaTeX (JAW)
\etb@tempcnta=\count284
)
(/usr/share/texmf/tex/latex/fmtcount/fmtcount.sty
Package: fmtcount 2015/05/05 v3.01

(/usr/share/texmf/tex/latex/base/ifthen.sty
Package: ifthen 2014/09/29 v1.1c Standard LaTeX ifthen package (DPC)
)
(/usr/share/texmf/tex/latex/xkeyval/xkeyval.sty
Package: xkeyval 2014/12/03 v2.7a package option processing (HA)

(/usr/share/texmf/tex/generic/xkeyval/xkeyval.tex
(/usr/share/texmf/tex/generic/xkeyval/xkvutils.tex
\XKV@toks=\toks20
\XKV@tempa@toks=\toks21
)
\XKV@depth=\count285
File: xkeyval.tex 2014/12/03 v2.7a key=value parser (HA)
))
(/usr/share/texmf/tex/latex/fmtcount/fcprefix.sty
Package: fcprefix 2012/09/28

(/usr/share/texmf/tex/latex/fmtcount/fcnumparser.sty
Package: fcnumparser 2012/09/28
\fc@digit@counter=\count286
))
\c@padzeroesN=\count287
\fc@tmpcatcode=\count288

(/usr/share/texmf/tex/latex/fmtcount/fc-english.def
File: fc-english.def 2013/08/17
)
\@DT@modctr=\count289
\@ordinalctr=\count290
\@orgargctr=\count291
\@strctr=\count292
\@tmpstrctr=\count293
\@DT@loopN=\count294
\@DT@X=\count295
)
(/usr/share/texmf/tex/latex/datetime/datetime-defaults.sty
Package: datetime-defaults 2013/09/10
)
\@day=\count296
\@month=\count297
\@year=\count298
\c@HOUR=\count299
\c@HOURXII=\count300
\c@MINUTE=\count301
\c@TOHOUR=\count302
\c@TOMINUTE=\count303
\c@SECOND=\count304
\currenthour=\count305
\currentminute=\count306
\currentsecond=\count307
Package datetime Info: No datetime.cfg file found, using default settings on in
put line 308.
\@dtctr=\count308
\dayofyear=\count309
\dayofweek=\count310
LaTeX Info: Redefining \today on input line 736.
\dt@a=\toks22
\dt@b=\toks23
)
(/usr/share/texmf/tex/latex/float/float.sty
Package: float 2001/11/08 v1.3d Float enhancements (AL)
\c@float@type=\count311
\float@exts=\toks24
\float@box=\box75
\@float@everytoks=\toks25
\@floatcapt=\box76
)
(/usr/share/texmf/tex/latex/wasysym/wasysym.sty
Package: wasysym 2003/10/30 v2.0 Wasy-2 symbol support package
\symwasy=\mathgroup8
LaTeX Font Info:    Overwriting symbol font `wasy' in version `bold'
(Font)                  U/wasy/m/n --> U/wasy/b/n on input line 90.
)
(/usr/share/texmf/tex/latex/amsmath/amsmath.sty
Package: amsmath 2016/11/05 v2.16a AMS math features
\@mathmargin=\skip58

For additional information on amsmath, use the `?' option.
(/usr/share/texmf/tex/latex/amsmath/amsbsy.sty
Package: amsbsy 1999/11/29 v1.2d Bold Symbols
\pmbraise@=\dimen180
)
(/usr/share/texmf/tex/latex/amsmath/amsopn.sty
Package: amsopn 2016/03/08 v2.02 operator names
)
\inf@bad=\count312
LaTeX Info: Redefining \frac on input line 213.
\uproot@=\count313
\leftroot@=\count314
LaTeX Info: Redefining \overline on input line 375.
\classnum@=\count315
\DOTSCASE@=\count316
LaTeX Info: Redefining \ldots on input line 472.
LaTeX Info: Redefining \dots on input line 475.
LaTeX Info: Redefining \cdots on input line 596.
\Mathstrutbox@=\box77
\strutbox@=\box78
\big@size=\dimen181
LaTeX Font Info:    Redeclaring font encoding OML on input line 712.
LaTeX Font Info:    Redeclaring font encoding OMS on input line 713.
\macc@depth=\count317
\c@MaxMatrixCols=\count318
\dotsspace@=\muskip17
\c@parentequation=\count319
\dspbrk@lvl=\count320
\tag@help=\toks26
\row@=\count321
\column@=\count322
\maxfields@=\count323
\andhelp@=\toks27
\eqnshift@=\dimen182
\alignsep@=\dimen183
\tagshift@=\dimen184
\tagwidth@=\dimen185
\totwidth@=\dimen186
\lineht@=\dimen187
\@envbody=\toks28
\multlinegap=\skip59
\multlinetaggap=\skip60
\mathdisplay@stack=\toks29
LaTeX Info: Redefining \[ on input line 2817.
LaTeX Info: Redefining \] on input line 2818.
)
(/usr/share/texmf/tex/latex/glossaries/base/glossaries.sty
Package: glossaries 2017/06/11 v4.30 (NLCT)

(/usr/share/texmf/tex/latex/mfirstuc/mfirstuc.sty
Package: mfirstuc 2016/07/31 v2.04 (NLCT)
\@glsmfirst=\toks30
\@glsmrest=\toks31
)
(/usr/share/texmf/tex/latex/textcase/textcase.sty
Package: textcase 2004/10/07 v0.07 Text only upper/lower case changing (DPC)
)
(/usr/share/texmf/tex/latex/xfor/xfor.sty
Package: xfor 2009/02/05 v1.05 (NLCT)
)
(/usr/share/texmf/tex/latex/datatool/datatool-base.sty
Package: datatool-base 2016/07/28 v2.27 (NLCT)

(/usr/share/texmf/tex/latex/substr/substr.sty
Package: substr 2009/10/20 v1.2 Handle substrings
\c@su@anzahl=\count324
)
(/usr/share/texmf/tex/latex/datatool/datatool-fp.sty
Package: datatool-fp 2016/07/28 v2.27 (NLCT)

(/usr/share/texmf/tex/latex/fp/fp.sty
Package: fp 1995/04/02

`Fixed Point Package', Version 0.8, April 2, 1995 (C) Michael Mehlich
(/usr/share/texmf/tex/latex/fp/defpattern.sty
Package: defpattern 1994/10/12
\actioncount=\count325
)
(/usr/share/texmf/tex/latex/fp/fp-basic.sty
Package: fp-basic 1996/05/13
\FP@xs=\count326
\FP@xia=\count327
\FP@xib=\count328
\FP@xfa=\count329
\FP@xfb=\count330
\FP@rega=\count331
\FP@regb=\count332
\FP@regs=\count333
\FP@times=\count334
)
(/usr/share/texmf/tex/latex/fp/fp-addons.sty
Package: fp-addons 1995/03/15
)
(/usr/share/texmf/tex/latex/fp/fp-snap.sty
Package: fp-snap 1995/04/05
)
(/usr/share/texmf/tex/latex/fp/fp-exp.sty
Package: fp-exp 1995/04/03
)
(/usr/share/texmf/tex/latex/fp/fp-trigo.sty
Package: fp-trigo 1995/04/14
)
(/usr/share/texmf/tex/latex/fp/fp-pas.sty
Package: fp-pas 1994/08/29
)
(/usr/share/texmf/tex/latex/fp/fp-random.sty
Package: fp-random 1995/02/23
\FPseed=\count335
)
(/usr/share/texmf/tex/latex/fp/fp-eqn.sty
Package: fp-eqn 1995/04/03
)
(/usr/share/texmf/tex/latex/fp/fp-upn.sty
Package: fp-upn 1996/10/21
)
(/usr/share/texmf/tex/latex/fp/fp-eval.sty
Package: fp-eval 1995/04/03
)))
\@dtl@toks=\toks32
\@dtl@tmpcount=\count336
\dtl@tmplength=\skip61
\dtl@sortresult=\count337
\@dtl@numgrpsepcount=\count338
\@dtl@datatype=\count339
\dtl@codeA=\count340
\dtl@codeB=\count341
\@dtl@foreach@level=\count342
)
(/usr/share/texmf/tex/latex/glossaries/base/glossaries-compatible-307.sty
Package: glossaries-compatible-307 2017/06/11 v4.30 (NLCT)
)
(/usr/share/texmf/tex/latex/tracklang/tracklang.sty
Package: tracklang 2017/03/25 v1.3.4 (NLCT) Track Languages

(/usr/share/texmf/tex/generic/tracklang/tracklang.tex))
(/usr/share/texmf/tex/latex/glossaries-english/glossaries-english.ldf
File: glossaries-english.ldf 2014/11/23 v1.0
)
\gls@level=\count343
\@gls@tmpb=\toks33
\gls@tmplen=\skip62
\glskeylisttok=\toks34
\glslabeltok=\toks35
\glsshorttok=\toks36
\glslongtok=\toks37

(/usr/share/texmf/tex/latex/glossaries/styles/glossary-hypernav.sty
Package: glossary-hypernav 2017/06/11 v4.30 (NLCT)
)
(/usr/share/texmf/tex/latex/glossaries/styles/glossary-list.sty
Package: glossary-list 2017/06/11 v4.30 (NLCT)
\glslistdottedwidth=\skip63
)
(/usr/share/texmf/tex/latex/glossaries/styles/glossary-long.sty
Package: glossary-long 2017/06/11 v4.30 (NLCT)

(/usr/share/texmf/tex/latex/tools/longtable.sty
Package: longtable 2014/10/28 v4.11 Multi-page Table package (DPC)
\LTleft=\skip64
\LTright=\skip65
\LTpre=\skip66
\LTpost=\skip67
\LTchunksize=\count344
\LTcapwidth=\dimen188
\LT@head=\box79
\LT@firsthead=\box80
\LT@foot=\box81
\LT@lastfoot=\box82
\LT@cols=\count345
\LT@rows=\count346
\c@LT@tables=\count347
\c@LT@chunks=\count348
\LT@p@ftn=\toks38
)
\glsdescwidth=\skip68
\glspagelistwidth=\skip69
)
(/usr/share/texmf/tex/latex/glossaries/styles/glossary-super.sty
Package: glossary-super 2017/06/11 v4.30 (NLCT)

(/usr/share/texmf/tex/latex/supertabular/supertabular.sty
Package: supertabular 2004/02/20 v4.1e the supertabular environment
\c@tracingst=\count349
\ST@wd=\dimen189
\ST@rightskip=\skip70
\ST@leftskip=\skip71
\ST@parfillskip=\skip72
\ST@pageleft=\dimen190
\ST@headht=\dimen191
\ST@tailht=\dimen192
\ST@pagesofar=\dimen193
\ST@pboxht=\dimen194
\ST@lineht=\dimen195
\ST@stretchht=\dimen196
\ST@prevht=\dimen197
\ST@toadd=\dimen198
\ST@dimen=\dimen199
\ST@pbox=\box83
))
(/usr/share/texmf/tex/latex/glossaries/styles/glossary-tree.sty
Package: glossary-tree 2017/06/11 v4.30 (NLCT)
\glstreeindent=\skip73
))
(/usr/share/texmf/tex/latex/fancyhdr/fancyhdr.sty
Package: fancyhdr 2016/10/11 v3.9 Extensive control of page headers and footers

\f@nch@headwidth=\skip74
\f@nch@O@elh=\skip75
\f@nch@O@erh=\skip76
\f@nch@O@olh=\skip77
\f@nch@O@orh=\skip78
\f@nch@O@elf=\skip79
\f@nch@O@erf=\skip80
\f@nch@O@olf=\skip81
\f@nch@O@orf=\skip82
)
(/usr/share/texmf/tex/latex/graphics/color.sty
Package: color 2016/07/10 v1.1e Standard LaTeX Color (DPC)

(/usr/share/texmf/tex/latex/graphics-cfg/color.cfg
File: color.cfg 2016/01/02 v1.6 sample color configuration
)
Package color Info: Driver file: pdftex.def on input line 147.
)

Package Fancyhdr Warning: \fancyhead's `E' option without twoside option is use
less on input line 39.


Package Fancyhdr Warning: \fancyfoot's `E' option without twoside option is use
less on input line 42.

Package hyperref Info: Option `colorlinks' set `true' on input line 50.
) (./Template_modello.aux)
\openout1 = `Template_modello.aux'.

LaTeX Font Info:    Checking defaults for OML/cmm/m/it on input line 33.
LaTeX Font Info:    ... okay on input line 33.
LaTeX Font Info:    Checking defaults for T1/cmr/m/n on input line 33.
LaTeX Font Info:    ... okay on input line 33.
LaTeX Font Info:    Checking defaults for OT1/cmr/m/n on input line 33.
LaTeX Font Info:    ... okay on input line 33.
LaTeX Font Info:    Checking defaults for OMS/cmsy/m/n on input line 33.
LaTeX Font Info:    ... okay on input line 33.
LaTeX Font Info:    Checking defaults for OMX/cmex/m/n on input line 33.
LaTeX Font Info:    ... okay on input line 33.
LaTeX Font Info:    Checking defaults for U/cmr/m/n on input line 33.
LaTeX Font Info:    ... okay on input line 33.
LaTeX Font Info:    Checking defaults for PD1/pdf/m/n on input line 33.
LaTeX Font Info:    ... okay on input line 33.
LaTeX Font Info:    Checking defaults for PU/pdf/m/n on input line 33.
LaTeX Font Info:    ... okay on input line 33.

(/usr/share/texmf/tex/context/base/mkii/supp-pdf.mkii
[Loading MPS to PDF converter (version 2006.09.02).]
\scratchcounter=\count350
\scratchdimen=\dimen256
\scratchbox=\box84
\nofMPsegments=\count351
\nofMParguments=\count352
\everyMPshowfont=\toks39
\MPscratchCnt=\count353
\MPscratchDim=\dimen257
\MPnumerator=\count354
\makeMPintoPDFobject=\count355
\everyMPtoPDFconversion=\toks40
) (/usr/share/texmf/tex/latex/oberdiek/epstopdf-base.sty
Package: epstopdf-base 2016/05/15 v2.6 Base part for package epstopdf

(/usr/share/texmf/tex/latex/oberdiek/grfext.sty
Package: grfext 2016/05/16 v1.2 Manage graphics extensions (HO)
)
Package epstopdf-base Info: Redefining graphics rule for `.eps' on input line 4
38.
Package grfext Info: Graphics extension search list:
(grfext)             [.png,.pdf,.jpg,.mps,.jpeg,.jbig2,.jb2,.PNG,.PDF,.JPG,.JPE
G,.JBIG2,.JB2,.eps]
(grfext)             \AppendGraphicsExtensions on input line 456.

(/usr/share/texmf/tex/latex/latexconfig/epstopdf-sys.cfg
File: epstopdf-sys.cfg 2010/07/13 v1.3 Configuration of (r)epstopdf for TeX Liv
e
))
LaTeX Font Info:    Redeclaring symbol font `operators' on input line 33.
LaTeX Font Info:    Encoding `OT1' has changed to `T1' for symbol font
(Font)              `operators' in the math version `normal' on input line 33.
LaTeX Font Info:    Overwriting symbol font `operators' in version `normal'
(Font)                  OT1/cmr/m/n --> T1/cmr/m/n on input line 33.
LaTeX Font Info:    Encoding `OT1' has changed to `T1' for symbol font
(Font)              `operators' in the math version `bold' on input line 33.
LaTeX Font Info:    Overwriting symbol font `operators' in version `bold'
(Font)                  OT1/cmr/bx/n --> T1/cmr/m/n on input line 33.
LaTeX Font Info:    Overwriting symbol font `operators' in version `bold'
(Font)                  T1/cmr/m/n --> T1/cmr/bx/n on input line 33.
LaTeX Font Info:    Redeclaring math alphabet \mathbf on input line 33.
LaTeX Font Info:    Overwriting math alphabet `\mathbf' in version `normal'
(Font)                  OT1/cmr/bx/n --> T1/cmr/bx/n on input line 33.
LaTeX Font Info:    Overwriting math alphabet `\mathbf' in version `bold'
(Font)                  OT1/cmr/bx/n --> T1/cmr/bx/n on input line 33.
LaTeX Font Info:    Redeclaring math alphabet \mathsf on input line 33.
LaTeX Font Info:    Overwriting math alphabet `\mathsf' in version `normal'
(Font)                  OT1/cmss/m/n --> T1/cmss/m/n on input line 33.
LaTeX Font Info:    Overwriting math alphabet `\mathsf' in version `bold'
(Font)                  OT1/cmss/bx/n --> T1/cmss/m/n on input line 33.
LaTeX Font Info:    Redeclaring math alphabet \mathit on input line 33.
LaTeX Font Info:    Overwriting math alphabet `\mathit' in version `normal'
(Font)                  OT1/cmr/m/it --> T1/cmr/m/it on input line 33.
LaTeX Font Info:    Overwriting math alphabet `\mathit' in version `bold'
(Font)                  OT1/cmr/bx/it --> T1/cmr/m/it on input line 33.
LaTeX Font Info:    Redeclaring math alphabet \mathtt on input line 33.
LaTeX Font Info:    Overwriting math alphabet `\mathtt' in version `normal'
(Font)                  OT1/cmtt/m/n --> T1/cmtt/m/n on input line 33.
LaTeX Font Info:    Overwriting math alphabet `\mathtt' in version `bold'
(Font)                  OT1/cmtt/m/n --> T1/cmtt/m/n on input line 33.
LaTeX Font Info:    Overwriting math alphabet `\mathsf' in version `bold'
(Font)                  T1/cmss/m/n --> T1/cmss/bx/n on input line 33.
LaTeX Font Info:    Overwriting math alphabet `\mathit' in version `bold'
(Font)                  T1/cmr/m/it --> T1/cmr/bx/it on input line 33.
Now handling font encoding TS1 ...
... processing UTF-8 mapping file for font encoding TS1

(/usr/share/texmf/tex/latex/base/ts1enc.dfu
File: ts1enc.dfu 2017/01/28 v1.1t UTF-8 support for inputenc
   defining Unicode char U+00A2 (decimal 162)
   defining Unicode char U+00A3 (decimal 163)
   defining Unicode char U+00A4 (decimal 164)
   defining Unicode char U+00A5 (decimal 165)
   defining Unicode char U+00A6 (decimal 166)
   defining Unicode char U+00A7 (decimal 167)
   defining Unicode char U+00A8 (decimal 168)
   defining Unicode char U+00A9 (decimal 169)
   defining Unicode char U+00AA (decimal 170)
   defining Unicode char U+00AC (decimal 172)
   defining Unicode char U+00AE (decimal 174)
   defining Unicode char U+00AF (decimal 175)
   defining Unicode char U+00B0 (decimal 176)
   defining Unicode char U+00B1 (decimal 177)
   defining Unicode char U+00B2 (decimal 178)
   defining Unicode char U+00B3 (decimal 179)
   defining Unicode char U+00B4 (decimal 180)
   defining Unicode char U+00B5 (decimal 181)
   defining Unicode char U+00B6 (decimal 182)
   defining Unicode char U+00B7 (decimal 183)
   defining Unicode char U+00B9 (decimal 185)
   defining Unicode char U+00BA (decimal 186)
   defining Unicode char U+00BC (decimal 188)
   defining Unicode char U+00BD (decimal 189)
   defining Unicode char U+00BE (decimal 190)
   defining Unicode char U+00D7 (decimal 215)
   defining Unicode char U+00F7 (decimal 247)
   defining Unicode char U+0192 (decimal 402)
   defining Unicode char U+02C7 (decimal 711)
   defining Unicode char U+02D8 (decimal 728)
   defining Unicode char U+02DD (decimal 733)
   defining Unicode char U+0E3F (decimal 3647)
   defining Unicode char U+2016 (decimal 8214)
   defining Unicode char U+2020 (decimal 8224)
   defining Unicode char U+2021 (decimal 8225)
   defining Unicode char U+2022 (decimal 8226)
   defining Unicode char U+2030 (decimal 8240)
   defining Unicode char U+2031 (decimal 8241)
   defining Unicode char U+203B (decimal 8251)
   defining Unicode char U+203D (decimal 8253)
   defining Unicode char U+2044 (decimal 8260)
   defining Unicode char U+204E (decimal 8270)
   defining Unicode char U+2052 (decimal 8274)
   defining Unicode char U+20A1 (decimal 8353)
   defining Unicode char U+20A4 (decimal 8356)
   defining Unicode char U+20A6 (decimal 8358)
   defining Unicode char U+20A9 (decimal 8361)
   defining Unicode char U+20AB (decimal 8363)
   defining Unicode char U+20AC (decimal 8364)
   defining Unicode char U+20B1 (decimal 8369)
   defining Unicode char U+2103 (decimal 8451)
   defining Unicode char U+2116 (decimal 8470)
   defining Unicode char U+2117 (decimal 8471)
   defining Unicode char U+211E (decimal 8478)
   defining Unicode char U+2120 (decimal 8480)
   defining Unicode char U+2122 (decimal 8482)
   defining Unicode char U+2126 (decimal 8486)
   defining Unicode char U+2127 (decimal 8487)
   defining Unicode char U+212E (decimal 8494)
   defining Unicode char U+2190 (decimal 8592)
   defining Unicode char U+2191 (decimal 8593)
   defining Unicode char U+2192 (decimal 8594)
   defining Unicode char U+2193 (decimal 8595)
   defining Unicode char U+2329 (decimal 9001)
   defining Unicode char U+232A (decimal 9002)
   defining Unicode char U+2422 (decimal 9250)
   defining Unicode char U+25E6 (decimal 9702)
   defining Unicode char U+25EF (decimal 9711)
   defining Unicode char U+266A (decimal 9834)
)
(/usr/share/texmf/tex/latex/beamer/translator/dicts/translator-basic-dictionary
/translator-basic-dictionary-English.dict
Dictionary: translator-basic-dictionary, Language: English 
)
(/usr/share/texmf/tex/latex/siunitx/siunitx-abbreviations.cfg
File: siunitx-abbreviations.cfg 2017/05/19 v2.7g siunitx: Abbreviated units
)
Package caption Info: Begin \AtBeginDocument code.
Package caption Info: float package is loaded.
Package caption Info: hyperref package is loaded.
Package caption Info: longtable package is loaded.

(/usr/share/texmf/tex/latex/caption/ltcaption.sty
Package: ltcaption 2013/06/09 v1.4-94 longtable captions (AR)
)
Package caption Info: supertabular package is loaded.
Package caption Info: End \AtBeginDocument code.

*geometry* driver: auto-detecting
*geometry* detected driver: pdftex
*geometry* verbose mode - [ preamble ] result:
* driver: pdftex
* paper: a4paper
* layout: <same size as paper>
* layoutoffset:(h,v)=(0.0pt,0.0pt)
* modes: 
* h-part:(L,W,R)=(74.68848pt, 448.1309pt, 74.68849pt)
* v-part:(T,H,B)=(84.50467pt, 633.78513pt, 126.75705pt)
* \paperwidth=597.50787pt
* \paperheight=845.04684pt
* \textwidth=448.1309pt
* \textheight=633.78513pt
* \oddsidemargin=2.41849pt
* \evensidemargin=2.41849pt
* \topmargin=-24.76532pt
* \headheight=60.0pt
* \headsep=25.0pt
* \topskip=11.0pt
* \footskip=30.0pt
* \marginparwidth=50.0pt
* \marginparsep=10.0pt
* \columnsep=10.0pt
* \skip\footins=10.0pt plus 4.0pt minus 2.0pt
* \hoffset=0.0pt
* \voffset=0.0pt
* \mag=1000
* \@twocolumnfalse
* \@twosidefalse
* \@mparswitchfalse
* \@reversemarginfalse
* (1in=72.27pt=25.4mm, 1cm=28.453pt)

\AtBeginShipoutBox=\box85
Package hyperref Info: Link coloring ON on input line 33.
(/usr/share/texmf/tex/latex/hyperref/nameref.sty
Package: nameref 2016/05/21 v2.44 Cross-referencing by name of section

(/usr/share/texmf/tex/generic/oberdiek/gettitlestring.sty
Package: gettitlestring 2016/05/16 v1.5 Cleanup title references (HO)
)
\c@section@level=\count356
)
LaTeX Info: Redefining \ref on input line 33.
LaTeX Info: Redefining \pageref on input line 33.
LaTeX Info: Redefining \nameref on input line 33.

(./Template_modello.out) (./Template_modello.out)
\@outlinefile=\write3
\openout3 = `Template_modello.out'.

\c__siunitx_mathsf_int=\count357
LaTeX Font Info:    Try loading font information for U+eur on input line 33.

(/usr/share/texmf/tex/latex/amsfonts/ueur.fd
File: ueur.fd 2013/01/14 v3.01 Euler Roman
)
LaTeX Font Info:    Try loading font information for U+euf on input line 33.

(/usr/share/texmf/tex/latex/amsfonts/ueuf.fd
File: ueuf.fd 2013/01/14 v3.01 Euler Fraktur
)
LaTeX Font Info:    Try loading font information for U+eus on input line 33.

(/usr/share/texmf/tex/latex/amsfonts/ueus.fd
File: ueus.fd 2013/01/14 v3.01 Euler Script
)
LaTeX Font Info:    Try loading font information for U+euex on input line 33.

(/usr/share/texmf/tex/latex/amsfonts/ueuex.fd
File: ueuex.fd 2013/01/14 v3.01 Euler extra symbols
)
LaTeX Font Info:    Try loading font information for U+wasy on input line 33.

(/usr/share/texmf/tex/latex/wasysym/uwasy.fd
File: uwasy.fd 2003/10/30 v2.0 Wasy-2 symbol font definitions
)
LaTeX Font Info:    Try loading font information for T1+cmss on input line 33.

(/usr/share/texmf/tex/latex/base/t1cmss.fd
File: t1cmss.fd 2014/09/29 v2.5h Standard LaTeX font definitions
)
\c__siunitx_mathtt_int=\count358
LaTeX Font Info:    Try loading font information for T1+cmtt on input line 33.

(/usr/share/texmf/tex/latex/base/t1cmtt.fd
File: t1cmtt.fd 2014/09/29 v2.5h Standard LaTeX font definitions
) (./Titlepage.tex
<gfx/Polimi.jpg, id=265, 189.1065pt x 416.5161pt>
File: gfx/Polimi.jpg Graphic file (type jpg)
 <use gfx/Polimi.jpg>
Package pdftex.def Info: gfx/Polimi.jpg used on input line 23.
(pdftex.def)             Requested size: 90.42958pt x 199.16928pt.

Underfull \hbox (badness 10000) in paragraph at lines 31--31

 []


Underfull \hbox (badness 10000) in paragraph at lines 31--31

 []


Overfull \hbox (99.69858pt too wide) in paragraph at lines 21--33
 [][] 
 []

[1

{/var/lib/texmf/fonts/map/pdftex/updmap/pdftex.map} <./gfx/Polimi.jpg>])
(./Titleback.tex (./Abstract.tex)
Overfull \hbox (5.85541pt too wide) in paragraph at lines 6--10
\T1/cmr/m/n/10.95 Development snap-shots of this work can be found at : https:/
/github.com/fcuzzocrea/SADC2017
 []


Underfull \hbox (badness 10000) in paragraph at lines 6--10

 []

[2

]) (./Template_modello.toc [1


])
\tf@toc=\write4
\openout4 = `Template_modello.toc'.

 <gfx/CC.png, id=352, 88.33pt x 31.11626pt>
File: gfx/CC.png Graphic file (type png)

<use gfx/CC.png>
Package pdftex.def Info: gfx/CC.png used on input line 41.
(pdftex.def)             Requested size: 16.15344pt x 5.69046pt.
 [2 <./gfx/CC.png>]
Using TeX to sort glossary entries---this may take a while
File: gfx/CC.png Graphic file (type png)
<use gfx/CC.png>
Package pdftex.def Info: gfx/CC.png used on input line 92.
(pdftex.def)             Requested size: 16.15344pt x 5.69046pt.
 [3

]
File: gfx/CC.png Graphic file (type png)
 <use gfx/CC.png>
Package pdftex.def Info: gfx/CC.png used on input line 109.
(pdftex.def)             Requested size: 16.15344pt x 5.69046pt.
 [4]
Chapter 1.
<gfx/cubesat_panels.jpg, id=392, 225.84375pt x 301.125pt>
File: gfx/cubesat_panels.jpg Graphic file (type jpg)

<use gfx/cubesat_panels.jpg>
Package pdftex.def Info: gfx/cubesat_panels.jpg used on input line 119.
(pdftex.def)             Requested size: 90.33589pt x 120.44786pt.
 [5

 <./gfx/cubesat_panels.jpg>]
<gfx/magnetometer.jpg, id=402, 108.405pt x 79.497pt>
File: gfx/magnetometer.jpg Graphic file (type jpg)

<use gfx/magnetometer.jpg>
Package pdftex.def Info: gfx/magnetometer.jpg used on input line 131.
(pdftex.def)             Requested size: 108.40472pt x 79.4968pt.

<gfx/gyroscope.png, id=404, 461.93196pt x 378.48619pt>
File: gfx/gyroscope.png Graphic file (type png)
 <use gfx/gyroscope.png>
Package pdftex.def Info: gfx/gyroscope.png used on input line 143.
(pdftex.def)             Requested size: 184.7695pt x 151.39178pt.
File: gfx/CC.png Graphic file (type png)

<use gfx/CC.png>
Package pdftex.def Info: gfx/CC.png used on input line 151.
(pdftex.def)             Requested size: 16.15344pt x 5.69046pt.
 [6 <./gfx/magnetometer.jpg> <./gfx/gyroscope.png (PNG copy)>]
<gfx/mems_gyro.jpg, id=414, 384.43625pt x 246.9225pt>
File: gfx/mems_gyro.jpg Graphic file (type jpg)
 <use gfx/mems_gyro.jpg>
Package pdftex.def Info: gfx/mems_gyro.jpg used on input line 154.
(pdftex.def)             Requested size: 115.33176pt x 74.0773pt.
LaTeX Font Info:    Try loading font information for OMS+cmr on input line 171.


(/usr/share/texmf/tex/latex/base/omscmr.fd
File: omscmr.fd 2014/09/29 v2.5h Standard LaTeX font definitions
)
LaTeX Font Info:    Font shape `OMS/cmr/m/n' in size <10.95> not available
(Font)              Font shape `OMS/cmsy/m/n' tried instead on input line 171.
File: gfx/CC.png Graphic file (type png)
 <use gfx/CC.png>
Package pdftex.def Info: gfx/CC.png used on input line 183.
(pdftex.def)             Requested size: 16.15344pt x 5.69046pt.
 [7 <./gfx/mems_gyro.jpg>] <gfx/ardusat.jpg, id=422, 652.4375pt x 612.2875pt>
File: gfx/ardusat.jpg Graphic file (type jpg)

<use gfx/ardusat.jpg>
Package pdftex.def Info: gfx/ardusat.jpg used on input line 186.
(pdftex.def)             Requested size: 163.10896pt x 153.0715pt.
File: gfx/CC.png Graphic file (type png)
 <use gfx/CC.png>
Package pdftex.def Info: gfx/CC.png used on input line 190.
(pdftex.def)             Requested size: 16.15344pt x 5.69046pt.
 [8 <./gfx/ardusat.jpg>]
Chapter 2.
[9

] <gfx/lvlh.png, id=442, 287.57437pt x 136.25906pt>
File: gfx/lvlh.png Graphic file (type png)
 <use gfx/lvlh.png>
Package pdftex.def Info: gfx/lvlh.png used on input line 284.
(pdftex.def)             Requested size: 172.54594pt x 81.75606pt.
File: gfx/CC.png Graphic file (type png)

<use gfx/CC.png>
Package pdftex.def Info: gfx/CC.png used on input line 291.
(pdftex.def)             Requested size: 16.15344pt x 5.69046pt.
 [10 <./gfx/lvlh.png (PNG copy)>]
File: gfx/CC.png Graphic file (type png)
 <use gfx/CC.png>
Package pdftex.def Info: gfx/CC.png used on input line 343.
(pdftex.def)             Requested size: 16.15344pt x 5.69046pt.
 [11]
File: gfx/CC.png Graphic file (type png)

<use gfx/CC.png>
Package pdftex.def Info: gfx/CC.png used on input line 376.
(pdftex.def)             Requested size: 16.15344pt x 5.69046pt.
 [12]
File: gfx/CC.png Graphic file (type png)
 <use gfx/CC.png>
Package pdftex.def Info: gfx/CC.png used on input line 425.
(pdftex.def)             Requested size: 16.15344pt x 5.69046pt.
 [13]
File: gfx/CC.png Graphic file (type png)
 <use gfx/CC.png>
Package pdftex.def Info: gfx/CC.png used on input line 476.
(pdftex.def)             Requested size: 16.15344pt x 5.69046pt.
 [14]
File: gfx/CC.png Graphic file (type png)

<use gfx/CC.png>
Package pdftex.def Info: gfx/CC.png used on input line 518.
(pdftex.def)             Requested size: 16.15344pt x 5.69046pt.
 [15]
File: gfx/CC.png Graphic file (type png)
 <use gfx/CC.png>
Package pdftex.def Info: gfx/CC.png used on input line 543.
(pdftex.def)             Requested size: 16.15344pt x 5.69046pt.
 [16]
Chapter 3.

Underfull \hbox (badness 10000) in paragraph at lines 572--573

 []


Underfull \hbox (badness 10000) in paragraph at lines 575--579

 []

[17

]
File: gfx/CC.png Graphic file (type png)
 <use gfx/CC.png>
Package pdftex.def Info: gfx/CC.png used on input line 610.
(pdftex.def)             Requested size: 16.15344pt x 5.69046pt.
 [18]
Chapter 4.
[19

]
File: gfx/CC.png Graphic file (type png)
 <use gfx/CC.png>
Package pdftex.def Info: gfx/CC.png used on input line 740.
(pdftex.def)             Requested size: 16.15344pt x 5.69046pt.
 [20]
File: gfx/CC.png Graphic file (type png)
 <use gfx/CC.png>
Package pdftex.def Info: gfx/CC.png used on input line 767.
(pdftex.def)             Requested size: 16.15344pt x 5.69046pt.
 [21]
Chapter 5.
[22

] <gfx/results/lvlh_orbit.png, id=570, 656.4525pt x 403.5075pt>
File: gfx/results/lvlh_orbit.png Graphic file (type png)

<use gfx/results/lvlh_orbit.png>
Package pdftex.def Info: gfx/results/lvlh_orbit.png used on input line 819.
(pdftex.def)             Requested size: 262.57634pt x 161.40013pt.
LaTeX Font Info:    Try loading font information for TS1+cmr on input line 846.

 (/usr/share/texmf/tex/latex/base/ts1cmr.fd
File: ts1cmr.fd 2014/09/29 v2.5h Standard LaTeX font definitions
)
File: gfx/CC.png Graphic file (type png)

<use gfx/CC.png>
Package pdftex.def Info: gfx/CC.png used on input line 860.
(pdftex.def)             Requested size: 16.15344pt x 5.69046pt.
 [23 <./gfx/results/lvlh_orbit.png (PNG copy)>]
<gfx/structure.png, id=582, 752.8125pt x 501.875pt>
File: gfx/structure.png Graphic file (type png)
 <use gfx/structure.png>
Package pdftex.def Info: gfx/structure.png used on input line 863.
(pdftex.def)             Requested size: 225.84549pt x 150.56366pt.
File: gfx/CC.png Graphic file (type png)

<use gfx/CC.png>
Package pdftex.def Info: gfx/CC.png used on input line 909.
(pdftex.def)             Requested size: 16.15344pt x 5.69046pt.
 [24 <./gfx/structure.png>]
<gfx/NSSmagnetometer.png, id=597, 331.54794pt x 162.42123pt>
File: gfx/NSSmagnetometer.png Graphic file (type png)

<use gfx/NSSmagnetometer.png>
Package pdftex.def Info: gfx/NSSmagnetometer.png used on input line 914.
(pdftex.def)             Requested size: 198.93028pt x 97.45348pt.
File: gfx/CC.png Graphic file (type png)
 <use gfx/CC.png>
Package pdftex.def Info: gfx/CC.png used on input line 955.
(pdftex.def)             Requested size: 16.15344pt x 5.69046pt.
 [25 <./gfx/NSSmagnetometer.png (PNG copy)>] <gfx/STIM210.png, id=607, 222.0796
8pt x 149.05687pt>
File: gfx/STIM210.png Graphic file (type png)

<use gfx/STIM210.png>
Package pdftex.def Info: gfx/STIM210.png used on input line 958.
(pdftex.def)             Requested size: 133.24883pt x 89.4348pt.
File: gfx/CC.png Graphic file (type png)
 <use gfx/CC.png>
Package pdftex.def Info: gfx/CC.png used on input line 996.
(pdftex.def)             Requested size: 16.15344pt x 5.69046pt.
 [26 <./gfx/STIM210.png (PNG copy)>]
<gfx/magnetorquer.png, id=620, 752.8125pt x 501.875pt>
File: gfx/magnetorquer.png Graphic file (type png)

<use gfx/magnetorquer.png>
Package pdftex.def Info: gfx/magnetorquer.png used on input line 1001.
(pdftex.def)             Requested size: 188.20265pt x 125.46843pt.

<gfx/mai_reaction_wheel.png, id=622, 652.4375pt x 434.62375pt>
File: gfx/mai_reaction_wheel.png Graphic file (type png)

<use gfx/mai_reaction_wheel.png>
Package pdftex.def Info: gfx/mai_reaction_wheel.png used on input line 1041.
(pdftex.def)             Requested size: 163.10896pt x 108.65567pt.
File: gfx/CC.png Graphic file (type png)
 <use gfx/CC.png>
Package pdftex.def Info: gfx/CC.png used on input line 1044.
(pdftex.def)             Requested size: 16.15344pt x 5.69046pt.
 [27 <./gfx/magnetorquer.png>]
File: gfx/CC.png Graphic file (type png)
<use gfx/CC.png>
Package pdftex.def Info: gfx/CC.png used on input line 1125.
(pdftex.def)             Requested size: 16.15344pt x 5.69046pt.
 [28 <./gfx/mai_reaction_wheel.png>]
File: gfx/CC.png Graphic file (type png)
 <use gfx/CC.png>
Package pdftex.def Info: gfx/CC.png used on input line 1174.
(pdftex.def)             Requested size: 16.15344pt x 5.69046pt.
 [29]
<gfx/adcs.png, id=654, 864.22874pt x 242.9075pt>
File: gfx/adcs.png Graphic file (type png)
 <use gfx/adcs.png>
Package pdftex.def Info: gfx/adcs.png used on input line 1183.
(pdftex.def)             Requested size: 432.11331pt x 121.45345pt.

<gfx/actuators.png, id=655, 308.65312pt x 355.3275pt>
File: gfx/actuators.png Graphic file (type png)
 <use gfx/actuators.png>
Package pdftex.def Info: gfx/actuators.png used on input line 1193.
(pdftex.def)             Requested size: 123.45905pt x 142.12846pt.
File: gfx/CC.png Graphic file (type png)

<use gfx/CC.png>
Package pdftex.def Info: gfx/CC.png used on input line 1197.
(pdftex.def)             Requested size: 16.15344pt x 5.69046pt.
 [30 <./gfx/adcs.png> <./gfx/actuators.png (PNG copy)>]
Chapter 6.
<gfx/simulink/generalovw.png, id=666, 854.57413pt x 394.87732pt>
File: gfx/simulink/generalovw.png Graphic file (type png)

<use gfx/simulink/generalovw.png>
Package pdftex.def Info: gfx/simulink/generalovw.png used on input line 1202.
(pdftex.def)             Requested size: 341.8236pt x 157.94812pt.

<gfx/simulink/DistrurbanceTorques.png, id=668, 979.74278pt x 403.07289pt>
File: gfx/simulink/DistrurbanceTorques.png Graphic file (type png)

<use gfx/simulink/DistrurbanceTorques.png>
Package pdftex.def Info: gfx/simulink/DistrurbanceTorques.png used on input lin
e 1213.
(pdftex.def)             Requested size: 391.89017pt x 161.22629pt.
 [31

 <./gfx/simulink/generalovw.png (PNG copy)>]
<gfx/simulink/gravitygradient.png, id=675, 976.76257pt x 404.56299pt>
File: gfx/simulink/gravitygradient.png Graphic file (type png)

<use gfx/simulink/gravitygradient.png>
Package pdftex.def Info: gfx/simulink/gravitygradient.png used on input line 12
22.
(pdftex.def)             Requested size: 390.6981pt x 161.82233pt.

<gfx/simulink/aerodrag.png, id=676, 773.36351pt x 400.09268pt>
File: gfx/simulink/aerodrag.png Graphic file (type png)

<use gfx/simulink/aerodrag.png>
Package pdftex.def Info: gfx/simulink/aerodrag.png used on input line 1231.
(pdftex.def)             Requested size: 309.33992pt x 160.03423pt.
File: gfx/CC.png Graphic file (type png)
 <use gfx/CC.png>
Package pdftex.def Info: gfx/CC.png used on input line 1235.
(pdftex.def)             Requested size: 16.15344pt x 5.69046pt.
 [32 <./gfx/simulink/DistrurbanceTorques.png (PNG copy)> <./gfx/simulink/gravit
ygradient.png (PNG copy)>]
<gfx/simulink/srp.png, id=683, 888.8465pt x 383.70155pt>
File: gfx/simulink/srp.png Graphic file (type png)

<use gfx/simulink/srp.png>
Package pdftex.def Info: gfx/simulink/srp.png used on input line 1241.
(pdftex.def)             Requested size: 355.5323pt x 153.47789pt.

<gfx/simulink/magfield.png, id=684, 978.99773pt x 383.70155pt>
File: gfx/simulink/magfield.png Graphic file (type png)

<use gfx/simulink/magfield.png>
Package pdftex.def Info: gfx/simulink/magfield.png used on input line 1250.
(pdftex.def)             Requested size: 391.59216pt x 153.47789pt.
File: gfx/CC.png Graphic file (type png)
 <use gfx/CC.png>
Package pdftex.def Info: gfx/CC.png used on input line 1254.
(pdftex.def)             Requested size: 16.15344pt x 5.69046pt.
 [33 <./gfx/simulink/aerodrag.png (PNG copy)> <./gfx/simulink/srp.png (PNG copy
)>]
<gfx/simulink/eulerequation.png, id=691, 824.77206pt x 391.89711pt>
File: gfx/simulink/eulerequation.png Graphic file (type png)

<use gfx/simulink/eulerequation.png>
Package pdftex.def Info: gfx/simulink/eulerequation.png used on input line 1259
.
(pdftex.def)             Requested size: 329.90298pt x 156.75606pt.

<gfx/simulink/kinematics.png, id=693, 903.74753pt x 402.32784pt>
File: gfx/simulink/kinematics.png Graphic file (type png)

<use gfx/simulink/kinematics.png>
Package pdftex.def Info: gfx/simulink/kinematics.png used on input line 1270.
(pdftex.def)             Requested size: 361.4926pt x 160.92827pt.
File: gfx/CC.png Graphic file (type png)
 <use gfx/CC.png>
Package pdftex.def Info: gfx/CC.png used on input line 1274.
(pdftex.def)             Requested size: 16.15344pt x 5.69046pt.
 [34 <./gfx/simulink/magfield.png (PNG copy)> <./gfx/simulink/eulerequation.png
 (PNG copy)>]
<gfx/simulink/trueattitude.png, id=701, 884.37619pt x 399.34763pt>
File: gfx/simulink/trueattitude.png Graphic file (type png)

<use gfx/simulink/trueattitude.png>
Package pdftex.def Info: gfx/simulink/trueattitude.png used on input line 1277.

(pdftex.def)             Requested size: 353.7442pt x 159.7362pt.

<gfx/simulink/sensors.png, id=704, 900.76732pt x 370.29062pt>
File: gfx/simulink/sensors.png Graphic file (type png)

<use gfx/simulink/sensors.png>
Package pdftex.def Info: gfx/simulink/sensors.png used on input line 1288.
(pdftex.def)             Requested size: 360.30054pt x 148.11362pt.
File: gfx/CC.png Graphic file (type png)
 <use gfx/CC.png>
Package pdftex.def Info: gfx/CC.png used on input line 1292.
(pdftex.def)             Requested size: 16.15344pt x 5.69046pt.
 [35 <./gfx/simulink/kinematics.png (PNG copy)> <./gfx/simulink/trueattitude.pn
g (PNG copy)>]
<gfx/simulink/computer.png, id=715, 970.80217pt x 322.60732pt>
File: gfx/simulink/computer.png Graphic file (type png)

<use gfx/simulink/computer.png>
Package pdftex.def Info: gfx/simulink/computer.png used on input line 1297.
(pdftex.def)             Requested size: 388.314pt x 129.04063pt.

<gfx/simulink/actuators_inside.png, id=718, 982.72299pt x 348.68413pt>
File: gfx/simulink/actuators_inside.png Graphic file (type png)

<use gfx/simulink/actuators_inside.png>
Package pdftex.def Info: gfx/simulink/actuators_inside.png used on input line 1
309.
(pdftex.def)             Requested size: 393.08223pt x 139.47118pt.
File: gfx/CC.png Graphic file (type png)
 <use gfx/CC.png>
Package pdftex.def Info: gfx/CC.png used on input line 1314.
(pdftex.def)             Requested size: 16.15344pt x 5.69046pt.
 [36 <./gfx/simulink/sensors.png (PNG copy)> <./gfx/simulink/computer.png (PNG 
copy)> <./gfx/simulink/actuators_inside.png (PNG copy)>]
Chapter 7.
<gfx/results/gravitygradient.png, id=730, 657.95813pt x 403.5075pt>
File: gfx/results/gravitygradient.png Graphic file (type png)

<use gfx/results/gravitygradient.png>
Package pdftex.def Info: gfx/results/gravitygradient.png used on input line 132
1.
(pdftex.def)             Requested size: 328.97826pt x 201.75325pt.

<gfx/results/dragtorque.png, id=731, 657.95813pt x 405.01312pt>
File: gfx/results/dragtorque.png Graphic file (type png)

<use gfx/results/dragtorque.png>
Package pdftex.def Info: gfx/results/dragtorque.png used on input line 1328.
(pdftex.def)             Requested size: 328.97826pt x 202.50606pt.
 [37

 <./gfx/results/gravitygradient.png (PNG copy)>] <gfx/results/srp.png, id=739, 
657.95813pt x 405.01312pt>
File: gfx/results/srp.png Graphic file (type png)

<use gfx/results/srp.png>
Package pdftex.def Info: gfx/results/srp.png used on input line 1335.
(pdftex.def)             Requested size: 328.97826pt x 202.50606pt.

<gfx/results/magfield.png, id=740, 658.71094pt x 407.27156pt>
File: gfx/results/magfield.png Graphic file (type png)

<use gfx/results/magfield.png>
Package pdftex.def Info: gfx/results/magfield.png used on input line 1342.
(pdftex.def)             Requested size: 329.35466pt x 203.63527pt.
File: gfx/CC.png Graphic file (type png)
 <use gfx/CC.png>
Package pdftex.def Info: gfx/CC.png used on input line 1346.
(pdftex.def)             Requested size: 16.15344pt x 5.69046pt.
 [38 <./gfx/results/dragtorque.png (PNG copy)> <./gfx/results/srp.png (PNG copy
)>]
<gfx/results/error_w.png, id=745, 664.73344pt x 409.53pt>
File: gfx/results/error_w.png Graphic file (type png)

<use gfx/results/error_w.png>
Package pdftex.def Info: gfx/results/error_w.png used on input line 1353.
(pdftex.def)             Requested size: 332.3659pt x 204.7645pt.

<gfx/results/w_norm.png, id=746, 659.46375pt x 405.76593pt>
File: gfx/results/w_norm.png Graphic file (type png)

<use gfx/results/w_norm.png>
Package pdftex.def Info: gfx/results/w_norm.png used on input line 1359.
(pdftex.def)             Requested size: 329.73106pt x 202.88246pt.
File: gfx/CC.png Graphic file (type png)
 <use gfx/CC.png>
Package pdftex.def Info: gfx/CC.png used on input line 1362.
(pdftex.def)             Requested size: 16.15344pt x 5.69046pt.
 [39 <./gfx/results/magfield.png (PNG copy)> <./gfx/results/error_w.png (PNG co
py)>]
<gfx/results/quaternion_error.png, id=753, 661.72218pt x 405.76593pt>
File: gfx/results/quaternion_error.png Graphic file (type png)

<use gfx/results/quaternion_error.png>
Package pdftex.def Info: gfx/results/quaternion_error.png used on input line 13
65.
(pdftex.def)             Requested size: 330.86028pt x 202.88246pt.

<gfx/results/euler_angles.png, id=754, 661.72218pt x 406.51875pt>
File: gfx/results/euler_angles.png Graphic file (type png)

<use gfx/results/euler_angles.png>
Package pdftex.def Info: gfx/results/euler_angles.png used on input line 1371.
(pdftex.def)             Requested size: 330.86028pt x 203.25887pt.
File: gfx/CC.png Graphic file (type png)
 <use gfx/CC.png>
Package pdftex.def Info: gfx/CC.png used on input line 1374.
(pdftex.def)             Requested size: 16.15344pt x 5.69046pt.
 [40 <./gfx/results/w_norm.png (PNG copy)> <./gfx/results/quaternion_error.png 
(PNG copy)>]
File: gfx/CC.png Graphic file (type png)

<use gfx/CC.png>
Package pdftex.def Info: gfx/CC.png used on input line 1375.
(pdftex.def)             Requested size: 16.15344pt x 5.69046pt.
 [41 <./gfx/results/euler_angles.png (PNG copy)>]
Chapter 8.
[42

]
Package atveryend Info: Empty hook `BeforeClearDocument' on input line 1379.
Package atveryend Info: Empty hook `AfterLastShipout' on input line 1379.
 (./Template_modello.aux)
Package atveryend Info: Executing hook `AtVeryEndDocument' on input line 1379.
Package atveryend Info: Executing hook `AtEndAfterFileList' on input line 1379.



Package rerunfilecheck Warning: File `Template_modello.out' has changed.
(rerunfilecheck)                Rerun to get outlines right
(rerunfilecheck)                or use package `bookmark'.

Package rerunfilecheck Info: Checksums for `Template_modello.out':
(rerunfilecheck)             Before: DF9E2410562D253E3E73259E36223FCC;9062
(rerunfilecheck)             After:  5A80D323831D213678DB9D2A1909B994;9208.

LaTeX Warning: Label(s) may have changed. Rerun to get cross-references right.

Package atveryend Info: Empty hook `AtVeryVeryEnd' on input line 1379.
 ) 
Here is how much of TeX's memory you used:
 29698 strings out of 494035
 531302 string characters out of 6158520
 629917 words of memory out of 5000000
 32411 multiletter control sequences out of 15000+600000
 569167 words of font info for 114 fonts, out of 8000000 for 9000
 475 hyphenation exceptions out of 8191
 47i,17n,77p,10408b,957s stack positions out of 5000i,500n,10000p,200000b,80000s
pdfTeX warning (dest): name{figure.caption.50} has been referenced but does n
ot exist, replaced by a fixed one

pdfTeX warning (dest): name{table.caption.40} has been referenced but does not 
exist, replaced by a fixed one

pdfTeX warning (dest): name{table.caption.37} has been referenced but does not 
exist, replaced by a fixed one

pdfTeX warning (dest): name{table.caption.34} has been referenced but does not 
exist, replaced by a fixed one

pdfTeX warning (dest): name{table.caption.31} has been referenced but does not 
exist, replaced by a fixed one

pdfTeX warning (dest): name{table.caption.28} has been referenced but does not 
exist, replaced by a fixed one

pdfTeX warning (dest): name{figure.caption.14} has been referenced but does not
 exist, replaced by a fixed one

pdfTeX warning (dest): name{figure.caption.6} has been referenced but does not 
exist, replaced by a fixed one

pdfTeX warning (dest): name{section*.62} has been referenced but does not exist
, replaced by a fixed one

pdfTeX warning (dest): name{section*.51} has been referenced but does not exist
, replaced by a fixed one

pdfTeX warning (dest): name{section*.48} has been referenced but does not exist
, replaced by a fixed one

pdfTeX warning (dest): name{section*.46} has been referenced but does not exist
, replaced by a fixed one

pdfTeX warning (dest): name{section*.44} has been referenced but does not exist
, replaced by a fixed one

pdfTeX warning (dest): name{section*.39} has been referenced but does not exist
, replaced by a fixed one

pdfTeX warning (dest): name{section*.36} has been referenced but does not exist
, replaced by a fixed one

pdfTeX warning (dest): name{section*.33} has been referenced but does not exist
, replaced by a fixed one

pdfTeX warning (dest): name{section*.30} has been referenced but does not exist
, replaced by a fixed one

pdfTeX warning (dest): name{section*.15} has been referenced but does not exist
, replaced by a fixed one

pdfTeX warning (dest): name{section*.11} has been referenced but does not exist
, replaced by a fixed one

pdfTeX warning (dest): name{section*.8} has been referenced but does not exist,
 replaced by a fixed one

pdfTeX warning (dest): name{section*.5} has been referenced but does not exist,
 replaced by a fixed one

pdfTeX warning (dest): name{section*.3} has been referenced but does not exist,
 replaced by a fixed one

{/usr/share/texmf/fonts/enc/dvips/cm-super/cm-super-ts1.enc}{/usr/share/texmf/f
onts/enc/dvips/cm-super/cm-super-t1.enc}</usr/share/texmf/fonts/type1/public/am
sfonts/cm/cmex10.pfb></usr/share/texmf/fonts/type1/public/amsfonts/cm/cmsy10.pf
b></usr/share/texmf/fonts/type1/public/amsfonts/cm/cmsy8.pfb></usr/share/texmf/
fonts/type1/public/amsfonts/euler/euex10.pfb></usr/share/texmf/fonts/type1/publ
ic/amsfonts/euler/eufm10.pfb></usr/share/texmf/fonts/type1/public/amsfonts/eule
r/eurm10.pfb></usr/share/texmf/fonts/type1/public/amsfonts/euler/eurm7.pfb></us
r/share/texmf/fonts/type1/public/amsfonts/euler/eusm10.pfb></usr/share/texmf/fo
nts/type1/public/cm-super/sfbx0800.pfb></usr/share/texmf/fonts/type1/public/cm-
super/sfbx1095.pfb></usr/share/texmf/fonts/type1/public/cm-super/sfbx1200.pfb><
/usr/share/texmf/fonts/type1/public/cm-super/sfbx1440.pfb></usr/share/texmf/fon
ts/type1/public/cm-super/sfbx2074.pfb></usr/share/texmf/fonts/type1/public/cm-s
uper/sfbx2488.pfb></usr/share/texmf/fonts/type1/public/cm-super/sfrm0600.pfb></
usr/share/texmf/fonts/type1/public/cm-super/sfrm0800.pfb></usr/share/texmf/font
s/type1/public/cm-super/sfrm0900.pfb></usr/share/texmf/fonts/type1/public/cm-su
per/sfrm1000.pfb></usr/share/texmf/fonts/type1/public/cm-super/sfrm1095.pfb></u
sr/share/texmf/fonts/type1/public/cm-super/sfrm1440.pfb></usr/share/texmf/fonts
/type1/public/cm-super/sfrm2488.pfb></usr/share/texmf/fonts/type1/public/cm-sup
er/sfti0600.pfb></usr/share/texmf/fonts/type1/public/cm-super/sfti0800.pfb></us
r/share/texmf/fonts/type1/public/cm-super/sfti1095.pfb></usr/share/texmf/fonts/
type1/public/cm-super/sftt1095.pfb></usr/share/texmf/fonts/type1/public/wasy2-p
s/wasy10.pfb>
Output written on Template_modello.pdf (44 pages, 2128991 bytes).
PDF statistics:
 914 PDF objects out of 1000 (max. 8388607)
 793 compressed objects within 8 object streams
 239 named destinations out of 1000 (max. 500000)
 701 words of extra memory for PDF output out of 10000 (max. 10000000)

