\BOOKMARK [0][-]{Titlepage.0}{\376\377\000T\000i\000t\000l\000e\000p\000a\000g\000e}{}% 1
\BOOKMARK [1][-]{section.0.1}{\376\377\000A\000b\000b\000r\000e\000v\000i\000a\000t\000e\000d\000\040\000T\000e\000r\000m\000s}{Titlepage.0}% 2
\BOOKMARK [1][-]{section.0.2}{\376\377\000R\000e\000f\000e\000r\000e\000n\000c\000e\000\040\000B\000o\000o\000k\000s}{Titlepage.0}% 3
\BOOKMARK [1][-]{section.0.3}{\376\377\000R\000e\000f\000e\000r\000e\000n\000c\000e\000\040\000N\000o\000t\000e\000s}{Titlepage.0}% 4
\BOOKMARK [1][-]{section.0.4}{\376\377\000R\000e\000f\000e\000r\000e\000n\000c\000e\000\040\000A\000r\000t\000i\000c\000l\000e\000s}{Titlepage.0}% 5
\BOOKMARK [1][-]{section.0.5}{\376\377\000D\000a\000t\000a\000s\000h\000e\000e\000t\000s\000\040\000\046\000\040\000U\000s\000e\000r\000\040\000M\000a\000n\000u\000a\000l\000s}{Titlepage.0}% 6
\BOOKMARK [0][-]{chapter.1}{\376\377\000S\000p\000a\000c\000e\000c\000r\000a\000f\000t\000\040\000D\000e\000s\000c\000r\000i\000p\000t\000i\000o\000n}{}% 7
\BOOKMARK [1][-]{section.1.1}{\376\377\000G\000e\000n\000e\000r\000a\000l\000\040\000D\000e\000s\000c\000r\000i\000p\000t\000i\000o\000n}{chapter.1}% 8
\BOOKMARK [1][-]{section.1.2}{\376\377\000S\000e\000n\000s\000o\000r\000s\000\040\000D\000e\000s\000c\000r\000i\000p\000t\000i\000o\000n}{chapter.1}% 9
\BOOKMARK [2][-]{section*.4}{\376\377\000M\000a\000g\000n\000e\000t\000o\000m\000e\000t\000e\000r\000s}{section.1.2}% 10
\BOOKMARK [2][-]{section*.6}{\376\377\000G\000y\000r\000o\000s\000c\000o\000p\000e\000s}{section.1.2}% 11
\BOOKMARK [1][-]{section.1.3}{\376\377\000A\000c\000t\000u\000a\000t\000o\000r\000s\000\040\000D\000e\000s\000c\000r\000i\000p\000t\000i\000o\000n}{chapter.1}% 12
\BOOKMARK [2][-]{section*.9}{\376\377\000M\000a\000g\000n\000e\000t\000i\000c\000\040\000T\000o\000r\000q\000u\000e\000r\000s}{section.1.3}% 13
\BOOKMARK [2][-]{section*.10}{\376\377\000R\000e\000a\000c\000t\000i\000o\000n\000\040\000W\000h\000e\000e\000l\000s}{section.1.3}% 14
\BOOKMARK [1][-]{section.1.4}{\376\377\000O\000n\000b\000o\000a\000r\000d\000\040\000C\000o\000m\000p\000u\000t\000e\000r}{chapter.1}% 15
\BOOKMARK [0][-]{chapter.2}{\376\377\000M\000a\000t\000h\000e\000m\000a\000t\000i\000c\000a\000l\000\040\000M\000o\000d\000e\000l\000i\000n\000g}{}% 16
\BOOKMARK [1][-]{section.2.1}{\376\377\000K\000i\000n\000e\000m\000a\000t\000i\000c\000s}{chapter.2}% 17
\BOOKMARK [2][-]{section*.12}{\376\377\000D\000i\000r\000e\000c\000t\000\040\000C\000o\000s\000i\000n\000e\000\040\000M\000a\000t\000r\000i\000x}{section.2.1}% 18
\BOOKMARK [2][-]{section*.13}{\376\377\000Q\000u\000a\000t\000e\000r\000n\000i\000o\000n\000s}{section.2.1}% 19
\BOOKMARK [2][-]{section*.14}{\376\377\000A\000t\000t\000i\000t\000u\000d\000e\000\040\000E\000r\000r\000o\000r}{section.2.1}% 20
\BOOKMARK [1][-]{section.2.2}{\376\377\000D\000y\000n\000a\000m\000i\000c\000s}{chapter.2}% 21
\BOOKMARK [2][-]{section*.16}{\376\377\000E\000u\000l\000e\000r\000\040\000E\000q\000u\000a\000t\000i\000o\000n\000s}{section.2.2}% 22
\BOOKMARK [2][-]{section*.17}{\376\377\000E\000n\000v\000i\000r\000o\000n\000m\000e\000n\000t\000a\000l\000\040\000D\000i\000s\000t\000u\000r\000b\000a\000n\000c\000e\000s}{section.2.2}% 23
\BOOKMARK [3][-]{section*.18}{\376\377\000G\000r\000a\000v\000i\000t\000y\000\040\000G\000r\000a\000d\000i\000e\000n\000t}{section*.17}% 24
\BOOKMARK [3][-]{section*.19}{\376\377\000E\000a\000r\000t\000h\000'\000s\000\040\000M\000a\000g\000n\000e\000t\000i\000c\000\040\000F\000i\000e\000l\000d}{section*.17}% 25
\BOOKMARK [3][-]{section*.20}{\376\377\000S\000o\000l\000a\000r\000\040\000R\000a\000d\000i\000a\000t\000i\000o\000n\000\040\000P\000r\000e\000s\000s\000u\000r\000e}{section*.17}% 26
\BOOKMARK [3][-]{section*.21}{\376\377\000A\000e\000r\000o\000d\000y\000n\000a\000m\000i\000c\000\040\000D\000r\000a\000g}{section*.17}% 27
\BOOKMARK [1][-]{section.2.3}{\376\377\000S\000e\000n\000s\000o\000r\000s\000\040\000M\000o\000d\000e\000l\000s}{chapter.2}% 28
\BOOKMARK [2][-]{section*.22}{\376\377\000M\000a\000g\000n\000e\000t\000o\000m\000e\000t\000e\000r}{section.2.3}% 29
\BOOKMARK [2][-]{section*.23}{\376\377\000G\000y\000r\000o\000s\000c\000o\000p\000e}{section.2.3}% 30
\BOOKMARK [1][-]{section.2.4}{\376\377\000A\000c\000t\000u\000a\000t\000o\000r\000s\000\040\000M\000o\000d\000e\000l\000s}{chapter.2}% 31
\BOOKMARK [2][-]{section*.24}{\376\377\000M\000a\000g\000n\000e\000t\000i\000c\000\040\000T\000o\000r\000q\000u\000e\000r\000s}{section.2.4}% 32
\BOOKMARK [2][-]{section*.25}{\376\377\000R\000e\000a\000c\000t\000i\000o\000n\000\040\000W\000h\000e\000e\000l\000s}{section.2.4}% 33
\BOOKMARK [0][-]{chapter.3}{\376\377\000A\000t\000t\000i\000t\000u\000d\000e\000\040\000D\000e\000t\000e\000r\000m\000i\000n\000a\000t\000i\000o\000n}{}% 34
\BOOKMARK [1][-]{section.3.1}{\376\377\000M\000e\000t\000h\000o\000d\000\040\0001}{chapter.3}% 35
\BOOKMARK [1][-]{section.3.2}{\376\377\000M\000e\000t\000h\000o\000d\000\040\0002}{chapter.3}% 36
\BOOKMARK [0][-]{chapter.4}{\376\377\000C\000o\000n\000t\000r\000o\000l}{}% 37
\BOOKMARK [1][-]{section.4.1}{\376\377\000B\000-\000D\000o\000t\000\040\000C\000o\000n\000t\000r\000o\000l}{chapter.4}% 38
\BOOKMARK [1][-]{section.4.2}{\376\377\000Q\000u\000a\000t\000e\000r\000n\000i\000o\000n\000\040\000F\000e\000e\000d\000b\000a\000c\000k\000\040\000C\000o\000n\000t\000r\000o\000l}{chapter.4}% 39
\BOOKMARK [2][-]{section*.26}{\376\377\000M\000i\000x\000e\000r\000\040\000M\000a\000t\000r\000i\000x}{section.4.2}% 40
\BOOKMARK [0][-]{chapter.5}{\376\377\000M\000i\000s\000s\000i\000o\000n\000\040\000R\000e\000q\000u\000i\000r\000e\000m\000e\000n\000t\000s\000,\000\040\000P\000a\000r\000a\000m\000e\000t\000e\000r\000s\000\040\000a\000n\000d\000\040\000A\000r\000c\000h\000i\000t\000e\000c\000t\000u\000r\000e\000\040}{}% 41
\BOOKMARK [1][-]{section.5.1}{\376\377\000C\000u\000s\000t\000o\000m\000e\000r\000\040\000R\000e\000q\000u\000i\000r\000e\000m\000e\000n\000t\000s}{chapter.5}% 42
\BOOKMARK [1][-]{section.5.2}{\376\377\000O\000r\000b\000i\000t\000a\000l\000\040\000P\000a\000r\000a\000m\000e\000t\000e\000r\000s}{chapter.5}% 43
\BOOKMARK [1][-]{section.5.3}{\376\377\000S\000t\000r\000u\000c\000t\000u\000r\000e\000\040\000P\000a\000r\000a\000m\000e\000t\000e\000r\000s}{chapter.5}% 44
\BOOKMARK [1][-]{section.5.4}{\376\377\000S\000e\000n\000s\000o\000r\000s\000\040\000P\000a\000r\000a\000m\000e\000t\000e\000r\000s}{chapter.5}% 45
\BOOKMARK [2][-]{section*.31}{\376\377\000M\000a\000g\000n\000e\000t\000o\000m\000e\000t\000e\000r}{section.5.4}% 46
\BOOKMARK [2][-]{section*.34}{\376\377\000G\000y\000r\000o\000s\000c\000o\000p\000e}{section.5.4}% 47
\BOOKMARK [1][-]{section.5.5}{\376\377\000A\000c\000t\000u\000a\000t\000o\000r\000s\000\040\000P\000a\000r\000a\000m\000e\000t\000e\000r\000s}{chapter.5}% 48
\BOOKMARK [2][-]{section*.37}{\376\377\000M\000a\000g\000n\000e\000t\000i\000c\000\040\000T\000o\000r\000q\000u\000e\000r}{section.5.5}% 49
\BOOKMARK [2][-]{section*.40}{\376\377\000R\000e\000a\000c\000t\000i\000o\000n\000\040\000W\000h\000e\000e\000l}{section.5.5}% 50
\BOOKMARK [1][-]{section.5.6}{\376\377\000E\000x\000t\000e\000r\000n\000a\000l\000\040\000D\000i\000s\000t\000u\000r\000b\000a\000n\000c\000e\000s\000\040\000P\000a\000r\000a\000m\000e\000t\000e\000r\000s}{chapter.5}% 51
\BOOKMARK [1][-]{section.5.7}{\376\377\000S\000p\000a\000c\000e\000c\000r\000a\000f\000t\000\040\000P\000a\000r\000a\000m\000e\000t\000e\000r\000s}{chapter.5}% 52
\BOOKMARK [1][-]{section.5.8}{\376\377\000M\000a\000s\000s\000,\000P\000o\000w\000e\000r\000\040\000a\000n\000d\000\040\000v\000o\000l\000u\000m\000e\000\040\000b\000u\000d\000g\000e\000t}{chapter.5}% 53
\BOOKMARK [2][-]{section*.45}{\376\377\000M\000a\000s\000s\000\040\000b\000u\000d\000g\000e\000t}{section.5.8}% 54
\BOOKMARK [2][-]{section*.47}{\376\377\000V\000o\000l\000u\000m\000e\000\040\000b\000u\000d\000g\000e\000t}{section.5.8}% 55
\BOOKMARK [2][-]{section*.49}{\376\377\000P\000o\000w\000e\000r\000\040\000b\000u\000d\000g\000e\000t}{section.5.8}% 56
\BOOKMARK [1][-]{section.5.9}{\376\377\000A\000D\000C\000S\000\040\000A\000r\000c\000h\000i\000t\000e\000c\000t\000u\000r\000e}{chapter.5}% 57
\BOOKMARK [2][-]{section*.52}{\376\377\000S\000e\000n\000s\000o\000r\000s\000\040\000a\000n\000d\000\040\000A\000c\000t\000u\000a\000t\000o\000r\000s\000\040\000P\000l\000a\000c\000i\000n\000g}{section.5.9}% 58
\BOOKMARK [0][-]{chapter.6}{\376\377\000S\000i\000m\000u\000l\000i\000n\000k\000\040\000M\000o\000d\000e\000l}{}% 59
\BOOKMARK [1][-]{section.6.1}{\376\377\000D\000y\000n\000a\000m\000i\000c\000s}{chapter.6}% 60
\BOOKMARK [1][-]{section.6.2}{\376\377\000T\000r\000u\000e\000\040\000K\000i\000n\000e\000m\000a\000t\000i\000c\000s}{chapter.6}% 61
\BOOKMARK [2][-]{section*.63}{\376\377\000S\000p\000a\000c\000e\000c\000r\000a\000f\000t}{section.6.2}% 62
\BOOKMARK [0][-]{chapter.7}{\376\377\000R\000e\000s\000u\000l\000t\000s}{}% 63
\BOOKMARK [1][-]{section.7.1}{\376\377\000D\000i\000s\000t\000u\000r\000b\000a\000n\000c\000e\000\040\000T\000o\000r\000q\000u\000e\000s}{chapter.7}% 64
\BOOKMARK [1][-]{section.7.2}{\376\377\000C\000o\000n\000t\000r\000o\000l}{chapter.7}% 65
\BOOKMARK [0][-]{chapter.8}{\376\377\000C\000o\000n\000c\000l\000u\000s\000i\000o\000n}{}% 66
